Analysis & Synthesis report for MegaRAM
Mon Feb 06 00:53:27 2023
Quartus II 64-Bit Version 13.0.1 Build 232 06/12/2013 Service Pack 1 SJ Web Edition


---------------------
; Table of Contents ;
---------------------
  1. Legal Notice
  2. Analysis & Synthesis Summary
  3. Analysis & Synthesis Settings
  4. Parallel Compilation
  5. Analysis & Synthesis Source Files Read
  6. Analysis & Synthesis Resource Usage Summary
  7. Analysis & Synthesis Resource Utilization by Entity
  8. User-Specified and Inferred Latches
  9. Registers Removed During Synthesis
 10. General Register Statistics
 11. Inverted Register Statistics
 12. Multiplexer Restructuring Statistics (Restructuring Performed)
 13. Elapsed Time Per Partition
 14. Analysis & Synthesis Messages



----------------
; Legal Notice ;
----------------
Copyright (C) 1991-2013 Altera Corporation
Your use of Altera Corporation's design tools, logic functions 
and other software and tools, and its AMPP partner logic 
functions, and any output files from any of the foregoing 
(including device programming or simulation files), and any 
associated documentation or information are expressly subject 
to the terms and conditions of the Altera Program License 
Subscription Agreement, Altera MegaCore Function License 
Agreement, or other applicable license agreement, including, 
without limitation, that your use is for the sole purpose of 
programming logic devices manufactured by Altera and sold by 
Altera or its authorized distributors.  Please refer to the 
applicable agreement for further details.



+--------------------------------------------------------------------------------------+
; Analysis & Synthesis Summary                                                         ;
+------------------------------------+-------------------------------------------------+
; Analysis & Synthesis Status        ; Successful - Mon Feb 06 00:53:27 2023           ;
; Quartus II 64-Bit Version          ; 13.0.1 Build 232 06/12/2013 SP 1 SJ Web Edition ;
; Revision Name                      ; MegaRAM                                         ;
; Top-level Entity Name              ; MegaRAM                                         ;
; Family                             ; Cyclone II                                      ;
; Total logic elements               ; 188                                             ;
;     Total combinational functions  ; 159                                             ;
;     Dedicated logic registers      ; 33                                              ;
; Total registers                    ; 33                                              ;
; Total pins                         ; 283                                             ;
; Total virtual pins                 ; 0                                               ;
; Total memory bits                  ; 0                                               ;
; Embedded Multiplier 9-bit elements ; 0                                               ;
; Total PLLs                         ; 0                                               ;
+------------------------------------+-------------------------------------------------+


+----------------------------------------------------------------------------------------------------------------------+
; Analysis & Synthesis Settings                                                                                        ;
+----------------------------------------------------------------------------+--------------------+--------------------+
; Option                                                                     ; Setting            ; Default Value      ;
+----------------------------------------------------------------------------+--------------------+--------------------+
; Device                                                                     ; EP2C20F484C7       ;                    ;
; Top-level entity name                                                      ; MegaRAM            ; MegaRAM            ;
; Family name                                                                ; Cyclone II         ; Cyclone IV GX      ;
; Use smart compilation                                                      ; Off                ; Off                ;
; Enable parallel Assembler and TimeQuest Timing Analyzer during compilation ; On                 ; On                 ;
; Enable compact report table                                                ; Off                ; Off                ;
; Restructure Multiplexers                                                   ; Auto               ; Auto               ;
; Create Debugging Nodes for IP Cores                                        ; Off                ; Off                ;
; Preserve fewer node names                                                  ; On                 ; On                 ;
; Disable OpenCore Plus hardware evaluation                                  ; Off                ; Off                ;
; Verilog Version                                                            ; Verilog_2001       ; Verilog_2001       ;
; VHDL Version                                                               ; VHDL_1993          ; VHDL_1993          ;
; State Machine Processing                                                   ; Auto               ; Auto               ;
; Safe State Machine                                                         ; Off                ; Off                ;
; Extract Verilog State Machines                                             ; On                 ; On                 ;
; Extract VHDL State Machines                                                ; On                 ; On                 ;
; Ignore Verilog initial constructs                                          ; Off                ; Off                ;
; Iteration limit for constant Verilog loops                                 ; 5000               ; 5000               ;
; Iteration limit for non-constant Verilog loops                             ; 250                ; 250                ;
; Add Pass-Through Logic to Inferred RAMs                                    ; On                 ; On                 ;
; Infer RAMs from Raw Logic                                                  ; On                 ; On                 ;
; Parallel Synthesis                                                         ; On                 ; On                 ;
; DSP Block Balancing                                                        ; Auto               ; Auto               ;
; NOT Gate Push-Back                                                         ; On                 ; On                 ;
; Power-Up Don't Care                                                        ; On                 ; On                 ;
; Remove Redundant Logic Cells                                               ; Off                ; Off                ;
; Remove Duplicate Registers                                                 ; On                 ; On                 ;
; Ignore CARRY Buffers                                                       ; Off                ; Off                ;
; Ignore CASCADE Buffers                                                     ; Off                ; Off                ;
; Ignore GLOBAL Buffers                                                      ; Off                ; Off                ;
; Ignore ROW GLOBAL Buffers                                                  ; Off                ; Off                ;
; Ignore LCELL Buffers                                                       ; Off                ; Off                ;
; Ignore SOFT Buffers                                                        ; On                 ; On                 ;
; Limit AHDL Integers to 32 Bits                                             ; Off                ; Off                ;
; Optimization Technique                                                     ; Balanced           ; Balanced           ;
; Carry Chain Length                                                         ; 70                 ; 70                 ;
; Auto Carry Chains                                                          ; On                 ; On                 ;
; Auto Open-Drain Pins                                                       ; On                 ; On                 ;
; Perform WYSIWYG Primitive Resynthesis                                      ; Off                ; Off                ;
; Auto ROM Replacement                                                       ; On                 ; On                 ;
; Auto RAM Replacement                                                       ; On                 ; On                 ;
; Auto Shift Register Replacement                                            ; Auto               ; Auto               ;
; Allow Shift Register Merging across Hierarchies                            ; Auto               ; Auto               ;
; Auto Clock Enable Replacement                                              ; On                 ; On                 ;
; Strict RAM Replacement                                                     ; Off                ; Off                ;
; Allow Synchronous Control Signals                                          ; On                 ; On                 ;
; Force Use of Synchronous Clear Signals                                     ; Off                ; Off                ;
; Auto RAM to Logic Cell Conversion                                          ; Off                ; Off                ;
; Auto Resource Sharing                                                      ; Off                ; Off                ;
; Allow Any RAM Size For Recognition                                         ; Off                ; Off                ;
; Allow Any ROM Size For Recognition                                         ; Off                ; Off                ;
; Allow Any Shift Register Size For Recognition                              ; Off                ; Off                ;
; Use LogicLock Constraints during Resource Balancing                        ; On                 ; On                 ;
; Ignore translate_off and synthesis_off directives                          ; Off                ; Off                ;
; Timing-Driven Synthesis                                                    ; Off                ; Off                ;
; Report Parameter Settings                                                  ; On                 ; On                 ;
; Report Source Assignments                                                  ; On                 ; On                 ;
; Report Connectivity Checks                                                 ; On                 ; On                 ;
; Ignore Maximum Fan-Out Assignments                                         ; Off                ; Off                ;
; Synchronization Register Chain Length                                      ; 2                  ; 2                  ;
; PowerPlay Power Optimization                                               ; Normal compilation ; Normal compilation ;
; HDL message level                                                          ; Level2             ; Level2             ;
; Suppress Register Optimization Related Messages                            ; Off                ; Off                ;
; Number of Removed Registers Reported in Synthesis Report                   ; 5000               ; 5000               ;
; Number of Swept Nodes Reported in Synthesis Report                         ; 5000               ; 5000               ;
; Number of Inverted Registers Reported in Synthesis Report                  ; 100                ; 100                ;
; Clock MUX Protection                                                       ; On                 ; On                 ;
; Auto Gated Clock Conversion                                                ; Off                ; Off                ;
; Block Design Naming                                                        ; Auto               ; Auto               ;
; SDC constraint protection                                                  ; Off                ; Off                ;
; Synthesis Effort                                                           ; Auto               ; Auto               ;
; Shift Register Replacement - Allow Asynchronous Clear Signal               ; On                 ; On                 ;
; Pre-Mapping Resynthesis Optimization                                       ; Off                ; Off                ;
; Analysis & Synthesis Message Level                                         ; Medium             ; Medium             ;
; Disable Register Merging Across Hierarchies                                ; Auto               ; Auto               ;
; Resource Aware Inference For Block RAM                                     ; On                 ; On                 ;
; Synthesis Seed                                                             ; 1                  ; 1                  ;
+----------------------------------------------------------------------------+--------------------+--------------------+


Parallel compilation was disabled, but you have multiple processors available. Enable parallel compilation to reduce compilation time.
+-------------------------------------+
; Parallel Compilation                ;
+----------------------------+--------+
; Processors                 ; Number ;
+----------------------------+--------+
; Number detected on machine ; 16     ;
; Maximum allowed            ; 1      ;
+----------------------------+--------+


+-------------------------------------------------------------------------------------------------------------------------------------------------------------------------------------------+
; Analysis & Synthesis Source Files Read                                                                                                                                                    ;
+----------------------------------+-----------------+-----------------+----------------------------------------------------------------------------------------------------------+---------+
; File Name with User-Entered Path ; Used in Netlist ; File Type       ; File Name with Absolute Path                                                                             ; Library ;
+----------------------------------+-----------------+-----------------+----------------------------------------------------------------------------------------------------------+---------+
; MegaRAM.vhd                      ; yes             ; User VHDL File  ; C:/Users/alpha/Documents/Dev/MSX_FPGA_Hat/Reference Designs/Altera DE1  Project/MegaRAM/MegaRAM.vhd      ;         ;
; exp_slot.vhd                     ; yes             ; User VHDL File  ; C:/Users/alpha/Documents/Dev/MSX_FPGA_Hat/Reference Designs/Altera DE1  Project/MegaRAM/exp_slot.vhd     ;         ;
; decoder_7seg.vhd                 ; yes             ; User VHDL File  ; C:/Users/alpha/Documents/Dev/MSX_FPGA_Hat/Reference Designs/Altera DE1  Project/MegaRAM/decoder_7seg.vhd ;         ;
+----------------------------------+-----------------+-----------------+----------------------------------------------------------------------------------------------------------+---------+


+------------------------------------------------------+
; Analysis & Synthesis Resource Usage Summary          ;
+---------------------------------------------+--------+
; Resource                                    ; Usage  ;
+---------------------------------------------+--------+
; Estimated Total logic elements              ; 188    ;
;                                             ;        ;
; Total combinational functions               ; 159    ;
; Logic element usage by number of LUT inputs ;        ;
;     -- 4 input functions                    ; 84     ;
;     -- 3 input functions                    ; 37     ;
;     -- <=2 input functions                  ; 38     ;
;                                             ;        ;
; Logic elements by mode                      ;        ;
;     -- normal mode                          ; 125    ;
;     -- arithmetic mode                      ; 34     ;
;                                             ;        ;
; Total registers                             ; 33     ;
;     -- Dedicated logic registers            ; 33     ;
;     -- I/O registers                        ; 0      ;
;                                             ;        ;
; I/O pins                                    ; 283    ;
; Embedded Multiplier 9-bit elements          ; 0      ;
; Maximum fan-out node                        ; KEY[0] ;
; Maximum fan-out                             ; 34     ;
; Total fan-out                               ; 750    ;
; Average fan-out                             ; 1.58   ;
+---------------------------------------------+--------+


+----------------------------------------------------------------------------------------------------------------------------------------------------------------------------------------+
; Analysis & Synthesis Resource Utilization by Entity                                                                                                                                    ;
+----------------------------+-------------------+--------------+-------------+--------------+---------+-----------+------+--------------+--------------------------------+--------------+
; Compilation Hierarchy Node ; LC Combinationals ; LC Registers ; Memory Bits ; DSP Elements ; DSP 9x9 ; DSP 18x18 ; Pins ; Virtual Pins ; Full Hierarchy Name            ; Library Name ;
+----------------------------+-------------------+--------------+-------------+--------------+---------+-----------+------+--------------+--------------------------------+--------------+
; |MegaRAM                   ; 159 (121)         ; 33 (25)      ; 0           ; 0            ; 0       ; 0         ; 283  ; 0            ; |MegaRAM                       ; work         ;
;    |decoder_7seg:DISPHEX0| ; 7 (7)             ; 0 (0)        ; 0           ; 0            ; 0       ; 0         ; 0    ; 0            ; |MegaRAM|decoder_7seg:DISPHEX0 ; work         ;
;    |decoder_7seg:DISPHEX1| ; 7 (7)             ; 0 (0)        ; 0           ; 0            ; 0       ; 0         ; 0    ; 0            ; |MegaRAM|decoder_7seg:DISPHEX1 ; work         ;
;    |decoder_7seg:DISPHEX2| ; 7 (7)             ; 0 (0)        ; 0           ; 0            ; 0       ; 0         ; 0    ; 0            ; |MegaRAM|decoder_7seg:DISPHEX2 ; work         ;
;    |decoder_7seg:DISPHEX3| ; 7 (7)             ; 0 (0)        ; 0           ; 0            ; 0       ; 0         ; 0    ; 0            ; |MegaRAM|decoder_7seg:DISPHEX3 ; work         ;
;    |exp_slot:exp|          ; 10 (10)           ; 8 (8)        ; 0           ; 0            ; 0       ; 0         ; 0    ; 0            ; |MegaRAM|exp_slot:exp          ; work         ;
+----------------------------+-------------------+--------------+-------------+--------------+---------+-----------+------+--------------+--------------------------------+--------------+
Note: For table entries with two numbers listed, the numbers in parentheses indicate the number of resources of the given type used by the specific entity alone. The numbers listed outside of parentheses indicate the total resources of the given type used by the specific entity and all of its sub-entities in the hierarchy.


+----------------------------------------------------------------------------------------------------+
; User-Specified and Inferred Latches                                                                ;
+-----------------------------------------------------+---------------------+------------------------+
; Latch Name                                          ; Latch Enable Signal ; Free of Timing Hazards ;
+-----------------------------------------------------+---------------------+------------------------+
; s_SRAM_ADDR[0]                                      ; s_SRAM_ADDR[17]     ; yes                    ;
; s_SRAM_ADDR[1]                                      ; s_SRAM_ADDR[17]     ; yes                    ;
; s_SRAM_ADDR[2]                                      ; s_SRAM_ADDR[17]     ; yes                    ;
; s_SRAM_ADDR[3]                                      ; s_SRAM_ADDR[17]     ; yes                    ;
; s_SRAM_ADDR[4]                                      ; s_SRAM_ADDR[17]     ; yes                    ;
; s_SRAM_ADDR[5]                                      ; s_SRAM_ADDR[17]     ; yes                    ;
; s_SRAM_ADDR[6]                                      ; s_SRAM_ADDR[17]     ; yes                    ;
; s_SRAM_ADDR[7]                                      ; s_SRAM_ADDR[17]     ; yes                    ;
; s_SRAM_ADDR[8]                                      ; s_SRAM_ADDR[17]     ; yes                    ;
; s_SRAM_ADDR[9]                                      ; s_SRAM_ADDR[17]     ; yes                    ;
; s_SRAM_ADDR[10]                                     ; s_SRAM_ADDR[17]     ; yes                    ;
; s_SRAM_ADDR[11]                                     ; s_SRAM_ADDR[17]     ; yes                    ;
; s_SRAM_ADDR[12]                                     ; s_SRAM_ADDR[17]     ; yes                    ;
; s_SRAM_ADDR[13]                                     ; s_SRAM_ADDR[17]     ; yes                    ;
; s_SRAM_ADDR[14]                                     ; s_SRAM_ADDR[17]     ; yes                    ;
; s_SRAM_ADDR[15]                                     ; s_SRAM_ADDR[17]     ; yes                    ;
; s_SRAM_ADDR[16]                                     ; s_SRAM_ADDR[17]     ; yes                    ;
; s_SRAM_ADDR[17]                                     ; s_SRAM_ADDR[17]     ; yes                    ;
; s_SRAM_ADDR[18]                                     ; s_SRAM_ADDR[17]     ; yes                    ;
; Number of user-specified and inferred latches = 19  ;                     ;                        ;
+-----------------------------------------------------+---------------------+------------------------+
Note: All latches listed above may not be present at the end of synthesis due to various synthesis optimizations.


+------------------------------------------------------------+
; Registers Removed During Synthesis                         ;
+---------------------------------------+--------------------+
; Register name                         ; Reason for Removal ;
+---------------------------------------+--------------------+
; s_mgram4[6,7]                         ; Lost fanout        ;
; s_mgram6[6,7]                         ; Lost fanout        ;
; s_mgram8[6,7]                         ; Lost fanout        ;
; s_mgrama[6,7]                         ; Lost fanout        ;
; Total Number of Removed Registers = 8 ;                    ;
+---------------------------------------+--------------------+


+------------------------------------------------------+
; General Register Statistics                          ;
+----------------------------------------------+-------+
; Statistic                                    ; Value ;
+----------------------------------------------+-------+
; Total registers                              ; 33    ;
; Number of registers using Synchronous Clear  ; 0     ;
; Number of registers using Synchronous Load   ; 0     ;
; Number of registers using Asynchronous Clear ; 33    ;
; Number of registers using Asynchronous Load  ; 0     ;
; Number of registers using Clock Enable       ; 24    ;
; Number of registers using Preset             ; 0     ;
+----------------------------------------------+-------+


+--------------------------------------------------+
; Inverted Register Statistics                     ;
+----------------------------------------+---------+
; Inverted Register                      ; Fan out ;
+----------------------------------------+---------+
; s_mgram6[0]                            ; 9       ;
; s_mgram8[1]                            ; 9       ;
; s_mgrama[0]                            ; 9       ;
; s_mgrama[1]                            ; 9       ;
; Total number of inverted registers = 4 ;         ;
+----------------------------------------+---------+


+----------------------------------------------------------------------------------------------------------------------------------------------+
; Multiplexer Restructuring Statistics (Restructuring Performed)                                                                               ;
+--------------------+-----------+---------------+----------------------+------------------------+------------+--------------------------------+
; Multiplexer Inputs ; Bus Width ; Baseline Area ; Area if Restructured ; Saving if Restructured ; Registered ; Example Multiplexer Output     ;
+--------------------+-----------+---------------+----------------------+------------------------+------------+--------------------------------+
; 4:1                ; 2 bits    ; 4 LEs         ; 4 LEs                ; 0 LEs                  ; No         ; |MegaRAM|exp_slot:exp|Mux0     ;
; 4:1                ; 2 bits    ; 4 LEs         ; 2 LEs                ; 2 LEs                  ; No         ; |MegaRAM|exp_slot:exp|exp_n[2] ;
; 4:1                ; 6 bits    ; 12 LEs        ; 12 LEs               ; 0 LEs                  ; No         ; |MegaRAM|s_SRAM_ADDR[13]       ;
+--------------------+-----------+---------------+----------------------+------------------------+------------+--------------------------------+


+-------------------------------+
; Elapsed Time Per Partition    ;
+----------------+--------------+
; Partition Name ; Elapsed Time ;
+----------------+--------------+
; Top            ; 00:00:00     ;
+----------------+--------------+


+-------------------------------+
; Analysis & Synthesis Messages ;
+-------------------------------+
Info: *******************************************************************
Info: Running Quartus II 64-Bit Analysis & Synthesis
    Info: Version 13.0.1 Build 232 06/12/2013 Service Pack 1 SJ Web Edition
    Info: Processing started: Mon Feb 06 00:53:26 2023
Info: Command: quartus_map --read_settings_files=on --write_settings_files=off MegaRAM -c MegaRAM
Warning (20028): Parallel compilation is not licensed and has been disabled
Info (12021): Found 2 design units, including 1 entities, in source file megaram.vhd
    Info (12022): Found design unit 1: MegaRAM-bevioural
    Info (12023): Found entity 1: MegaRAM
Info (12021): Found 2 design units, including 1 entities, in source file exp_slot.vhd
    Info (12022): Found design unit 1: exp_slot-rtl
    Info (12023): Found entity 1: exp_slot
Info (12021): Found 2 design units, including 1 entities, in source file decoder_7seg.vhd
    Info (12022): Found design unit 1: decoder_7seg-rtl
    Info (12023): Found entity 1: decoder_7seg
Info (12127): Elaborating entity "MegaRAM" for the top level hierarchy
Warning (10541): VHDL Signal Declaration warning at MegaRAM.vhd(24): used implicit default value for signal "UART_TXD" because signal was never assigned a value or an explicit default value. Use of implicit default value may introduce unintended design optimizations.
Warning (10541): VHDL Signal Declaration warning at MegaRAM.vhd(28): used implicit default value for signal "DRAM_ADDR" because signal was never assigned a value or an explicit default value. Use of implicit default value may introduce unintended design optimizations.
Warning (10541): VHDL Signal Declaration warning at MegaRAM.vhd(29): used implicit default value for signal "DRAM_LDQM" because signal was never assigned a value or an explicit default value. Use of implicit default value may introduce unintended design optimizations.
Warning (10541): VHDL Signal Declaration warning at MegaRAM.vhd(30): used implicit default value for signal "DRAM_UDQM" because signal was never assigned a value or an explicit default value. Use of implicit default value may introduce unintended design optimizations.
Warning (10541): VHDL Signal Declaration warning at MegaRAM.vhd(31): used implicit default value for signal "DRAM_WE_N" because signal was never assigned a value or an explicit default value. Use of implicit default value may introduce unintended design optimizations.
Warning (10541): VHDL Signal Declaration warning at MegaRAM.vhd(32): used implicit default value for signal "DRAM_CAS_N" because signal was never assigned a value or an explicit default value. Use of implicit default value may introduce unintended design optimizations.
Warning (10541): VHDL Signal Declaration warning at MegaRAM.vhd(33): used implicit default value for signal "DRAM_RAS_N" because signal was never assigned a value or an explicit default value. Use of implicit default value may introduce unintended design optimizations.
Warning (10541): VHDL Signal Declaration warning at MegaRAM.vhd(34): used implicit default value for signal "DRAM_CS_N" because signal was never assigned a value or an explicit default value. Use of implicit default value may introduce unintended design optimizations.
Warning (10541): VHDL Signal Declaration warning at MegaRAM.vhd(35): used implicit default value for signal "DRAM_BA_0" because signal was never assigned a value or an explicit default value. Use of implicit default value may introduce unintended design optimizations.
Warning (10541): VHDL Signal Declaration warning at MegaRAM.vhd(36): used implicit default value for signal "DRAM_BA_1" because signal was never assigned a value or an explicit default value. Use of implicit default value may introduce unintended design optimizations.
Warning (10541): VHDL Signal Declaration warning at MegaRAM.vhd(37): used implicit default value for signal "DRAM_CLK" because signal was never assigned a value or an explicit default value. Use of implicit default value may introduce unintended design optimizations.
Warning (10541): VHDL Signal Declaration warning at MegaRAM.vhd(38): used implicit default value for signal "DRAM_CKE" because signal was never assigned a value or an explicit default value. Use of implicit default value may introduce unintended design optimizations.
Warning (10541): VHDL Signal Declaration warning at MegaRAM.vhd(41): used implicit default value for signal "FL_ADDR" because signal was never assigned a value or an explicit default value. Use of implicit default value may introduce unintended design optimizations.
Warning (10541): VHDL Signal Declaration warning at MegaRAM.vhd(42): used implicit default value for signal "FL_WE_N" because signal was never assigned a value or an explicit default value. Use of implicit default value may introduce unintended design optimizations.
Warning (10541): VHDL Signal Declaration warning at MegaRAM.vhd(43): used implicit default value for signal "FL_RST_N" because signal was never assigned a value or an explicit default value. Use of implicit default value may introduce unintended design optimizations.
Warning (10541): VHDL Signal Declaration warning at MegaRAM.vhd(44): used implicit default value for signal "FL_OE_N" because signal was never assigned a value or an explicit default value. Use of implicit default value may introduce unintended design optimizations.
Warning (10541): VHDL Signal Declaration warning at MegaRAM.vhd(45): used implicit default value for signal "FL_CE_N" because signal was never assigned a value or an explicit default value. Use of implicit default value may introduce unintended design optimizations.
Warning (10541): VHDL Signal Declaration warning at MegaRAM.vhd(58): used implicit default value for signal "SD_CLK" because signal was never assigned a value or an explicit default value. Use of implicit default value may introduce unintended design optimizations.
Warning (10541): VHDL Signal Declaration warning at MegaRAM.vhd(61): used implicit default value for signal "I2C_SCLK" because signal was never assigned a value or an explicit default value. Use of implicit default value may introduce unintended design optimizations.
Warning (10541): VHDL Signal Declaration warning at MegaRAM.vhd(69): used implicit default value for signal "TDO" because signal was never assigned a value or an explicit default value. Use of implicit default value may introduce unintended design optimizations.
Warning (10541): VHDL Signal Declaration warning at MegaRAM.vhd(71): used implicit default value for signal "VGA_HS" because signal was never assigned a value or an explicit default value. Use of implicit default value may introduce unintended design optimizations.
Warning (10541): VHDL Signal Declaration warning at MegaRAM.vhd(72): used implicit default value for signal "VGA_VS" because signal was never assigned a value or an explicit default value. Use of implicit default value may introduce unintended design optimizations.
Warning (10541): VHDL Signal Declaration warning at MegaRAM.vhd(73): used implicit default value for signal "VGA_R" because signal was never assigned a value or an explicit default value. Use of implicit default value may introduce unintended design optimizations.
Warning (10541): VHDL Signal Declaration warning at MegaRAM.vhd(74): used implicit default value for signal "VGA_G" because signal was never assigned a value or an explicit default value. Use of implicit default value may introduce unintended design optimizations.
Warning (10541): VHDL Signal Declaration warning at MegaRAM.vhd(75): used implicit default value for signal "VGA_B" because signal was never assigned a value or an explicit default value. Use of implicit default value may introduce unintended design optimizations.
Warning (10541): VHDL Signal Declaration warning at MegaRAM.vhd(80): used implicit default value for signal "AUD_DACDAT" because signal was never assigned a value or an explicit default value. Use of implicit default value may introduce unintended design optimizations.
Warning (10541): VHDL Signal Declaration warning at MegaRAM.vhd(82): used implicit default value for signal "AUD_XCK" because signal was never assigned a value or an explicit default value. Use of implicit default value may introduce unintended design optimizations.
Warning (10036): Verilog HDL or VHDL warning at MegaRAM.vhd(124): object "s_mreq" assigned a value but never read
Warning (10036): Verilog HDL or VHDL warning at MegaRAM.vhd(139): object "s_mgram_mem_en" assigned a value but never read
Info (10041): Inferred latch for "s_SRAM_ADDR[0]" at MegaRAM.vhd(172)
Info (10041): Inferred latch for "s_SRAM_ADDR[1]" at MegaRAM.vhd(172)
Info (10041): Inferred latch for "s_SRAM_ADDR[2]" at MegaRAM.vhd(172)
Info (10041): Inferred latch for "s_SRAM_ADDR[3]" at MegaRAM.vhd(172)
Info (10041): Inferred latch for "s_SRAM_ADDR[4]" at MegaRAM.vhd(172)
Info (10041): Inferred latch for "s_SRAM_ADDR[5]" at MegaRAM.vhd(172)
Info (10041): Inferred latch for "s_SRAM_ADDR[6]" at MegaRAM.vhd(172)
Info (10041): Inferred latch for "s_SRAM_ADDR[7]" at MegaRAM.vhd(172)
Info (10041): Inferred latch for "s_SRAM_ADDR[8]" at MegaRAM.vhd(172)
Info (10041): Inferred latch for "s_SRAM_ADDR[9]" at MegaRAM.vhd(172)
Info (10041): Inferred latch for "s_SRAM_ADDR[10]" at MegaRAM.vhd(172)
Info (10041): Inferred latch for "s_SRAM_ADDR[11]" at MegaRAM.vhd(172)
Info (10041): Inferred latch for "s_SRAM_ADDR[12]" at MegaRAM.vhd(172)
Info (10041): Inferred latch for "s_SRAM_ADDR[13]" at MegaRAM.vhd(172)
Info (10041): Inferred latch for "s_SRAM_ADDR[14]" at MegaRAM.vhd(172)
Info (10041): Inferred latch for "s_SRAM_ADDR[15]" at MegaRAM.vhd(172)
Info (10041): Inferred latch for "s_SRAM_ADDR[16]" at MegaRAM.vhd(172)
Info (10041): Inferred latch for "s_SRAM_ADDR[17]" at MegaRAM.vhd(172)
Info (10041): Inferred latch for "s_SRAM_ADDR[18]" at MegaRAM.vhd(172)
Info (12128): Elaborating entity "decoder_7seg" for hierarchy "decoder_7seg:DISPHEX0"
Info (12128): Elaborating entity "exp_slot" for hierarchy "exp_slot:exp"
Warning (13039): The following bidir pins have no drivers
    Warning (13040): Bidir "SD_DAT3" has no driver
    Warning (13040): Bidir "SD_CMD" has no driver
Warning (13012): Latch s_SRAM_ADDR[13] has unsafe behavior
    Warning (13013): Ports D and ENA on the latch are fed by the same signal A[15]
Warning (13012): Latch s_SRAM_ADDR[14] has unsafe behavior
    Warning (13013): Ports D and ENA on the latch are fed by the same signal A[15]
Warning (13012): Latch s_SRAM_ADDR[15] has unsafe behavior
    Warning (13013): Ports D and ENA on the latch are fed by the same signal A[15]
Warning (13012): Latch s_SRAM_ADDR[16] has unsafe behavior
    Warning (13013): Ports D and ENA on the latch are fed by the same signal A[15]
Warning (13012): Latch s_SRAM_ADDR[17] has unsafe behavior
    Warning (13013): Ports D and ENA on the latch are fed by the same signal A[15]
Warning (13012): Latch s_SRAM_ADDR[18] has unsafe behavior
    Warning (13013): Ports D and ENA on the latch are fed by the same signal A[15]
Info (13000): Registers with preset signals will power-up high
Info (13003): DEV_CLRn pin will set, and not reset, register with preset signal due to NOT Gate Push-Back
Warning (13024): Output pins are stuck at VCC or GND
    Warning (13410): Pin "LEDG[1]" is stuck at GND
    Warning (13410): Pin "LEDG[3]" is stuck at GND
    Warning (13410): Pin "UART_TXD" is stuck at GND
    Warning (13410): Pin "DRAM_ADDR[0]" is stuck at GND
    Warning (13410): Pin "DRAM_ADDR[1]" is stuck at GND
    Warning (13410): Pin "DRAM_ADDR[2]" is stuck at GND
    Warning (13410): Pin "DRAM_ADDR[3]" is stuck at GND
    Warning (13410): Pin "DRAM_ADDR[4]" is stuck at GND
    Warning (13410): Pin "DRAM_ADDR[5]" is stuck at GND
    Warning (13410): Pin "DRAM_ADDR[6]" is stuck at GND
    Warning (13410): Pin "DRAM_ADDR[7]" is stuck at GND
    Warning (13410): Pin "DRAM_ADDR[8]" is stuck at GND
    Warning (13410): Pin "DRAM_ADDR[9]" is stuck at GND
    Warning (13410): Pin "DRAM_ADDR[10]" is stuck at GND
    Warning (13410): Pin "DRAM_ADDR[11]" is stuck at GND
    Warning (13410): Pin "DRAM_LDQM" is stuck at GND
    Warning (13410): Pin "DRAM_UDQM" is stuck at GND
    Warning (13410): Pin "DRAM_WE_N" is stuck at GND
    Warning (13410): Pin "DRAM_CAS_N" is stuck at GND
    Warning (13410): Pin "DRAM_RAS_N" is stuck at GND
    Warning (13410): Pin "DRAM_CS_N" is stuck at GND
    Warning (13410): Pin "DRAM_BA_0" is stuck at GND
    Warning (13410): Pin "DRAM_BA_1" is stuck at GND
    Warning (13410): Pin "DRAM_CLK" is stuck at GND
    Warning (13410): Pin "DRAM_CKE" is stuck at GND
    Warning (13410): Pin "FL_ADDR[0]" is stuck at GND
    Warning (13410): Pin "FL_ADDR[1]" is stuck at GND
    Warning (13410): Pin "FL_ADDR[2]" is stuck at GND
    Warning (13410): Pin "FL_ADDR[3]" is stuck at GND
    Warning (13410): Pin "FL_ADDR[4]" is stuck at GND
    Warning (13410): Pin "FL_ADDR[5]" is stuck at GND
    Warning (13410): Pin "FL_ADDR[6]" is stuck at GND
    Warning (13410): Pin "FL_ADDR[7]" is stuck at GND
    Warning (13410): Pin "FL_ADDR[8]" is stuck at GND
    Warning (13410): Pin "FL_ADDR[9]" is stuck at GND
    Warning (13410): Pin "FL_ADDR[10]" is stuck at GND
    Warning (13410): Pin "FL_ADDR[11]" is stuck at GND
    Warning (13410): Pin "FL_ADDR[12]" is stuck at GND
    Warning (13410): Pin "FL_ADDR[13]" is stuck at GND
    Warning (13410): Pin "FL_ADDR[14]" is stuck at GND
    Warning (13410): Pin "FL_ADDR[15]" is stuck at GND
    Warning (13410): Pin "FL_ADDR[16]" is stuck at GND
    Warning (13410): Pin "FL_ADDR[17]" is stuck at GND
    Warning (13410): Pin "FL_ADDR[18]" is stuck at GND
    Warning (13410): Pin "FL_ADDR[19]" is stuck at GND
    Warning (13410): Pin "FL_ADDR[20]" is stuck at GND
    Warning (13410): Pin "FL_ADDR[21]" is stuck at GND
    Warning (13410): Pin "FL_WE_N" is stuck at GND
    Warning (13410): Pin "FL_RST_N" is stuck at GND
    Warning (13410): Pin "FL_OE_N" is stuck at GND
    Warning (13410): Pin "FL_CE_N" is stuck at GND
    Warning (13410): Pin "SRAM_OE_N" is stuck at GND
    Warning (13410): Pin "SD_CLK" is stuck at GND
    Warning (13410): Pin "I2C_SCLK" is stuck at GND
    Warning (13410): Pin "TDO" is stuck at GND
    Warning (13410): Pin "VGA_HS" is stuck at GND
    Warning (13410): Pin "VGA_VS" is stuck at GND
    Warning (13410): Pin "VGA_R[0]" is stuck at GND
    Warning (13410): Pin "VGA_R[1]" is stuck at GND
    Warning (13410): Pin "VGA_R[2]" is stuck at GND
    Warning (13410): Pin "VGA_R[3]" is stuck at GND
    Warning (13410): Pin "VGA_G[0]" is stuck at GND
    Warning (13410): Pin "VGA_G[1]" is stuck at GND
    Warning (13410): Pin "VGA_G[2]" is stuck at GND
    Warning (13410): Pin "VGA_G[3]" is stuck at GND
    Warning (13410): Pin "VGA_B[0]" is stuck at GND
    Warning (13410): Pin "VGA_B[1]" is stuck at GND
    Warning (13410): Pin "VGA_B[2]" is stuck at GND
    Warning (13410): Pin "VGA_B[3]" is stuck at GND
    Warning (13410): Pin "AUD_DACDAT" is stuck at GND
    Warning (13410): Pin "AUD_XCK" is stuck at GND
Info (17049): 8 registers lost all their fanouts during netlist optimizations.
Info (16010): Generating hard_block partition "hard_block:auto_generated_inst"
    Info (16011): Adding 0 node(s), including 0 DDIO, 0 PLL, 0 transceiver and 0 LCELL
Warning (21074): Design contains 28 input pin(s) that do not drive logic
    Warning (15610): No output dependent on input pin "CLOCK_24[0]"
    Warning (15610): No output dependent on input pin "CLOCK_24[1]"
    Warning (15610): No output dependent on input pin "CLOCK_27[0]"
    Warning (15610): No output dependent on input pin "CLOCK_27[1]"
    Warning (15610): No output dependent on input pin "CLOCK_50"
    Warning (15610): No output dependent on input pin "EXT_CLOCK"
    Warning (15610): No output dependent on input pin "KEY[1]"
    Warning (15610): No output dependent on input pin "KEY[2]"
    Warning (15610): No output dependent on input pin "KEY[3]"
    Warning (15610): No output dependent on input pin "SW[0]"
    Warning (15610): No output dependent on input pin "SW[1]"
    Warning (15610): No output dependent on input pin "SW[2]"
    Warning (15610): No output dependent on input pin "SW[3]"
    Warning (15610): No output dependent on input pin "SW[4]"
    Warning (15610): No output dependent on input pin "SW[5]"
    Warning (15610): No output dependent on input pin "SW[6]"
    Warning (15610): No output dependent on input pin "SW[7]"
    Warning (15610): No output dependent on input pin "SW[8]"
    Warning (15610): No output dependent on input pin "UART_RXD"
    Warning (15610): No output dependent on input pin "PS2_DAT"
    Warning (15610): No output dependent on input pin "PS2_CLK"
    Warning (15610): No output dependent on input pin "TDI"
    Warning (15610): No output dependent on input pin "TCK"
    Warning (15610): No output dependent on input pin "TCS"
    Warning (15610): No output dependent on input pin "AUD_ADCDAT"
    Warning (15610): No output dependent on input pin "MREQ_n"
    Warning (15610): No output dependent on input pin "CS2_n"
    Warning (15610): No output dependent on input pin "MSX_CLK"
Info (21057): Implemented 471 device resources after synthesis - the final resource count might be different
    Info (21058): Implemented 51 input pins
    Info (21059): Implemented 141 output pins
    Info (21060): Implemented 91 bidirectional pins
    Info (21061): Implemented 188 logic cells
Info: Quartus II 64-Bit Analysis & Synthesis was successful. 0 errors, 146 warnings
    Info: Peak virtual memory: 4642 megabytes
    Info: Processing ended: Mon Feb 06 00:53:27 2023
    Info: Elapsed time: 00:00:01
    Info: Total CPU time (on all processors): 00:00:01


