Analysis & Synthesis report for SDMapper
Tue Mar 14 20:46:25 2023
Quartus II 64-Bit Version 13.0.1 Build 232 06/12/2013 Service Pack 1 SJ Web Edition


---------------------
; Table of Contents ;
---------------------
  1. Legal Notice
  2. Analysis & Synthesis Summary
  3. Analysis & Synthesis Settings
  4. Parallel Compilation
  5. Analysis & Synthesis Source Files Read
  6. Analysis & Synthesis Resource Usage Summary
  7. Analysis & Synthesis Resource Utilization by Entity
  8. State Machine - |SDMapper_TOP|spi:portaspi|state_s
  9. User-Specified and Inferred Latches
 10. General Register Statistics
 11. Inverted Register Statistics
 12. Multiplexer Restructuring Statistics (Restructuring Performed)
 13. Port Connectivity Checks: "decoder_7seg:DISPHEX2"
 14. Elapsed Time Per Partition
 15. Analysis & Synthesis Messages



----------------
; Legal Notice ;
----------------
Copyright (C) 1991-2013 Altera Corporation
Your use of Altera Corporation's design tools, logic functions 
and other software and tools, and its AMPP partner logic 
functions, and any output files from any of the foregoing 
(including device programming or simulation files), and any 
associated documentation or information are expressly subject 
to the terms and conditions of the Altera Program License 
Subscription Agreement, Altera MegaCore Function License 
Agreement, or other applicable license agreement, including, 
without limitation, that your use is for the sole purpose of 
programming logic devices manufactured by Altera and sold by 
Altera or its authorized distributors.  Please refer to the 
applicable agreement for further details.



+--------------------------------------------------------------------------------------+
; Analysis & Synthesis Summary                                                         ;
+------------------------------------+-------------------------------------------------+
; Analysis & Synthesis Status        ; Successful - Tue Mar 14 20:46:25 2023           ;
; Quartus II 64-Bit Version          ; 13.0.1 Build 232 06/12/2013 SP 1 SJ Web Edition ;
; Revision Name                      ; SDMapper                                        ;
; Top-level Entity Name              ; SDMapper_TOP                                    ;
; Family                             ; Cyclone II                                      ;
; Total logic elements               ; 340                                             ;
;     Total combinational functions  ; 295                                             ;
;     Dedicated logic registers      ; 98                                              ;
; Total registers                    ; 98                                              ;
; Total pins                         ; 251                                             ;
; Total virtual pins                 ; 0                                               ;
; Total memory bits                  ; 0                                               ;
; Embedded Multiplier 9-bit elements ; 0                                               ;
; Total PLLs                         ; 0                                               ;
+------------------------------------+-------------------------------------------------+


+----------------------------------------------------------------------------------------------------------------------+
; Analysis & Synthesis Settings                                                                                        ;
+----------------------------------------------------------------------------+--------------------+--------------------+
; Option                                                                     ; Setting            ; Default Value      ;
+----------------------------------------------------------------------------+--------------------+--------------------+
; Device                                                                     ; EP2C20F484C7       ;                    ;
; Top-level entity name                                                      ; SDMapper_TOP       ; SDMapper           ;
; Family name                                                                ; Cyclone II         ; Cyclone IV GX      ;
; Use smart compilation                                                      ; Off                ; Off                ;
; Enable parallel Assembler and TimeQuest Timing Analyzer during compilation ; On                 ; On                 ;
; Enable compact report table                                                ; Off                ; Off                ;
; Restructure Multiplexers                                                   ; Auto               ; Auto               ;
; Create Debugging Nodes for IP Cores                                        ; Off                ; Off                ;
; Preserve fewer node names                                                  ; On                 ; On                 ;
; Disable OpenCore Plus hardware evaluation                                  ; Off                ; Off                ;
; Verilog Version                                                            ; Verilog_2001       ; Verilog_2001       ;
; VHDL Version                                                               ; VHDL_1993          ; VHDL_1993          ;
; State Machine Processing                                                   ; Auto               ; Auto               ;
; Safe State Machine                                                         ; Off                ; Off                ;
; Extract Verilog State Machines                                             ; On                 ; On                 ;
; Extract VHDL State Machines                                                ; On                 ; On                 ;
; Ignore Verilog initial constructs                                          ; Off                ; Off                ;
; Iteration limit for constant Verilog loops                                 ; 5000               ; 5000               ;
; Iteration limit for non-constant Verilog loops                             ; 250                ; 250                ;
; Add Pass-Through Logic to Inferred RAMs                                    ; On                 ; On                 ;
; Infer RAMs from Raw Logic                                                  ; On                 ; On                 ;
; Parallel Synthesis                                                         ; On                 ; On                 ;
; DSP Block Balancing                                                        ; Auto               ; Auto               ;
; NOT Gate Push-Back                                                         ; On                 ; On                 ;
; Power-Up Don't Care                                                        ; On                 ; On                 ;
; Remove Redundant Logic Cells                                               ; Off                ; Off                ;
; Remove Duplicate Registers                                                 ; On                 ; On                 ;
; Ignore CARRY Buffers                                                       ; Off                ; Off                ;
; Ignore CASCADE Buffers                                                     ; Off                ; Off                ;
; Ignore GLOBAL Buffers                                                      ; Off                ; Off                ;
; Ignore ROW GLOBAL Buffers                                                  ; Off                ; Off                ;
; Ignore LCELL Buffers                                                       ; Off                ; Off                ;
; Ignore SOFT Buffers                                                        ; On                 ; On                 ;
; Limit AHDL Integers to 32 Bits                                             ; Off                ; Off                ;
; Optimization Technique                                                     ; Balanced           ; Balanced           ;
; Carry Chain Length                                                         ; 70                 ; 70                 ;
; Auto Carry Chains                                                          ; On                 ; On                 ;
; Auto Open-Drain Pins                                                       ; On                 ; On                 ;
; Perform WYSIWYG Primitive Resynthesis                                      ; Off                ; Off                ;
; Auto ROM Replacement                                                       ; On                 ; On                 ;
; Auto RAM Replacement                                                       ; On                 ; On                 ;
; Auto Shift Register Replacement                                            ; Auto               ; Auto               ;
; Allow Shift Register Merging across Hierarchies                            ; Auto               ; Auto               ;
; Auto Clock Enable Replacement                                              ; On                 ; On                 ;
; Strict RAM Replacement                                                     ; Off                ; Off                ;
; Allow Synchronous Control Signals                                          ; On                 ; On                 ;
; Force Use of Synchronous Clear Signals                                     ; Off                ; Off                ;
; Auto RAM to Logic Cell Conversion                                          ; Off                ; Off                ;
; Auto Resource Sharing                                                      ; Off                ; Off                ;
; Allow Any RAM Size For Recognition                                         ; Off                ; Off                ;
; Allow Any ROM Size For Recognition                                         ; Off                ; Off                ;
; Allow Any Shift Register Size For Recognition                              ; Off                ; Off                ;
; Use LogicLock Constraints during Resource Balancing                        ; On                 ; On                 ;
; Ignore translate_off and synthesis_off directives                          ; Off                ; Off                ;
; Timing-Driven Synthesis                                                    ; Off                ; Off                ;
; Report Parameter Settings                                                  ; On                 ; On                 ;
; Report Source Assignments                                                  ; On                 ; On                 ;
; Report Connectivity Checks                                                 ; On                 ; On                 ;
; Ignore Maximum Fan-Out Assignments                                         ; Off                ; Off                ;
; Synchronization Register Chain Length                                      ; 2                  ; 2                  ;
; PowerPlay Power Optimization                                               ; Normal compilation ; Normal compilation ;
; HDL message level                                                          ; Level2             ; Level2             ;
; Suppress Register Optimization Related Messages                            ; Off                ; Off                ;
; Number of Removed Registers Reported in Synthesis Report                   ; 5000               ; 5000               ;
; Number of Swept Nodes Reported in Synthesis Report                         ; 5000               ; 5000               ;
; Number of Inverted Registers Reported in Synthesis Report                  ; 100                ; 100                ;
; Clock MUX Protection                                                       ; On                 ; On                 ;
; Auto Gated Clock Conversion                                                ; Off                ; Off                ;
; Block Design Naming                                                        ; Auto               ; Auto               ;
; SDC constraint protection                                                  ; Off                ; Off                ;
; Synthesis Effort                                                           ; Auto               ; Auto               ;
; Shift Register Replacement - Allow Asynchronous Clear Signal               ; On                 ; On                 ;
; Pre-Mapping Resynthesis Optimization                                       ; Off                ; Off                ;
; Analysis & Synthesis Message Level                                         ; Medium             ; Medium             ;
; Disable Register Merging Across Hierarchies                                ; Auto               ; Auto               ;
; Resource Aware Inference For Block RAM                                     ; On                 ; On                 ;
; Synthesis Seed                                                             ; 1                  ; 1                  ;
+----------------------------------------------------------------------------+--------------------+--------------------+


Parallel compilation was disabled, but you have multiple processors available. Enable parallel compilation to reduce compilation time.
+-------------------------------------+
; Parallel Compilation                ;
+----------------------------+--------+
; Processors                 ; Number ;
+----------------------------+--------+
; Number detected on machine ; 16     ;
; Maximum allowed            ; 1      ;
+----------------------------+--------+


+------------------------------------------------------------------------------------------------------------------------------------------------------------------------------------------------+
; Analysis & Synthesis Source Files Read                                                                                                                                                         ;
+----------------------------------+-----------------+-----------------+---------------------------------------------------------------------------------------------------------------+---------+
; File Name with User-Entered Path ; Used in Netlist ; File Type       ; File Name with Absolute Path                                                                                  ; Library ;
+----------------------------------+-----------------+-----------------+---------------------------------------------------------------------------------------------------------------+---------+
; exp_slot.vhd                     ; yes             ; User VHDL File  ; C:/Users/alpha/Documents/Dev/MSX_FPGA_Hat/Reference Designs/Altera DE1  Project/WIP/SDMapper/exp_slot.vhd     ;         ;
; SDMapper_Top.vhd                 ; yes             ; User VHDL File  ; C:/Users/alpha/Documents/Dev/MSX_FPGA_Hat/Reference Designs/Altera DE1  Project/WIP/SDMapper/SDMapper_Top.vhd ;         ;
; spi.vhd                          ; yes             ; User VHDL File  ; C:/Users/alpha/Documents/Dev/MSX_FPGA_Hat/Reference Designs/Altera DE1  Project/WIP/SDMapper/spi.vhd          ;         ;
; decoder_7seg.vhd                 ; yes             ; User VHDL File  ; C:/Users/alpha/Documents/Dev/MSX_FPGA_Hat/Reference Designs/Altera DE1  Project/WIP/SDMapper/decoder_7seg.vhd ;         ;
+----------------------------------+-----------------+-----------------+---------------------------------------------------------------------------------------------------------------+---------+


+---------------------------------------------------------+
; Analysis & Synthesis Resource Usage Summary             ;
+---------------------------------------------+-----------+
; Resource                                    ; Usage     ;
+---------------------------------------------+-----------+
; Estimated Total logic elements              ; 340       ;
;                                             ;           ;
; Total combinational functions               ; 295       ;
; Logic element usage by number of LUT inputs ;           ;
;     -- 4 input functions                    ; 148       ;
;     -- 3 input functions                    ; 71        ;
;     -- <=2 input functions                  ; 76        ;
;                                             ;           ;
; Logic elements by mode                      ;           ;
;     -- normal mode                          ; 256       ;
;     -- arithmetic mode                      ; 39        ;
;                                             ;           ;
; Total registers                             ; 98        ;
;     -- Dedicated logic registers            ; 98        ;
;     -- I/O registers                        ; 0         ;
;                                             ;           ;
; I/O pins                                    ; 251       ;
; Embedded Multiplier 9-bit elements          ; 0         ;
; Maximum fan-out node                        ; s_reset~0 ;
; Maximum fan-out                             ; 59        ;
; Total fan-out                               ; 1434      ;
; Average fan-out                             ; 2.23      ;
+---------------------------------------------+-----------+


+---------------------------------------------------------------------------------------------------------------------------------------------------------------------------------------------+
; Analysis & Synthesis Resource Utilization by Entity                                                                                                                                         ;
+----------------------------+-------------------+--------------+-------------+--------------+---------+-----------+------+--------------+-------------------------------------+--------------+
; Compilation Hierarchy Node ; LC Combinationals ; LC Registers ; Memory Bits ; DSP Elements ; DSP 9x9 ; DSP 18x18 ; Pins ; Virtual Pins ; Full Hierarchy Name                 ; Library Name ;
+----------------------------+-------------------+--------------+-------------+--------------+---------+-----------+------+--------------+-------------------------------------+--------------+
; |SDMapper_TOP              ; 295 (206)         ; 98 (50)      ; 0           ; 0            ; 0       ; 0         ; 251  ; 0            ; |SDMapper_TOP                       ; work         ;
;    |decoder_7seg:DISPHEX0| ; 7 (7)             ; 0 (0)        ; 0           ; 0            ; 0       ; 0         ; 0    ; 0            ; |SDMapper_TOP|decoder_7seg:DISPHEX0 ; work         ;
;    |decoder_7seg:DISPHEX1| ; 7 (7)             ; 0 (0)        ; 0           ; 0            ; 0       ; 0         ; 0    ; 0            ; |SDMapper_TOP|decoder_7seg:DISPHEX1 ; work         ;
;    |decoder_7seg:DISPHEX2| ; 7 (7)             ; 0 (0)        ; 0           ; 0            ; 0       ; 0         ; 0    ; 0            ; |SDMapper_TOP|decoder_7seg:DISPHEX2 ; work         ;
;    |decoder_7seg:DISPHEX3| ; 7 (7)             ; 0 (0)        ; 0           ; 0            ; 0       ; 0         ; 0    ; 0            ; |SDMapper_TOP|decoder_7seg:DISPHEX3 ; work         ;
;    |exp_slot:exp|          ; 17 (17)           ; 8 (8)        ; 0           ; 0            ; 0       ; 0         ; 0    ; 0            ; |SDMapper_TOP|exp_slot:exp          ; work         ;
;    |spi:portaspi|          ; 44 (44)           ; 40 (40)      ; 0           ; 0            ; 0       ; 0         ; 0    ; 0            ; |SDMapper_TOP|spi:portaspi          ; work         ;
+----------------------------+-------------------+--------------+-------------+--------------+---------+-----------+------+--------------+-------------------------------------+--------------+
Note: For table entries with two numbers listed, the numbers in parentheses indicate the number of resources of the given type used by the specific entity alone. The numbers listed outside of parentheses indicate the total resources of the given type used by the specific entity and all of its sub-entities in the hierarchy.


Encoding Type:  One-Hot
+-----------------------------------------------------------------------------------------------+
; State Machine - |SDMapper_TOP|spi:portaspi|state_s                                            ;
+--------------------+----------------+-------------------+--------------------+----------------+
; Name               ; state_s.s_done ; state_s.s_running ; state_s.s_cleaning ; state_s.s_idle ;
+--------------------+----------------+-------------------+--------------------+----------------+
; state_s.s_idle     ; 0              ; 0                 ; 0                  ; 0              ;
; state_s.s_cleaning ; 0              ; 0                 ; 1                  ; 1              ;
; state_s.s_running  ; 0              ; 1                 ; 0                  ; 1              ;
; state_s.s_done     ; 1              ; 0                 ; 0                  ; 1              ;
+--------------------+----------------+-------------------+--------------------+----------------+


+---------------------------------------------------------------------------------------------------+
; User-Specified and Inferred Latches                                                               ;
+----------------------------------------------------+---------------------+------------------------+
; Latch Name                                         ; Latch Enable Signal ; Free of Timing Hazards ;
+----------------------------------------------------+---------------------+------------------------+
; exp_slot:exp|cpu_q[0]$latch                        ; D                   ; yes                    ;
; s_sd_miso                                          ; s_sd_miso           ; yes                    ;
; exp_slot:exp|cpu_q[1]$latch                        ; D                   ; yes                    ;
; exp_slot:exp|cpu_q[2]$latch                        ; D                   ; yes                    ;
; exp_slot:exp|cpu_q[3]$latch                        ; D                   ; yes                    ;
; exp_slot:exp|cpu_q[4]$latch                        ; D                   ; yes                    ;
; exp_slot:exp|cpu_q[5]$latch                        ; D                   ; yes                    ;
; exp_slot:exp|cpu_q[6]$latch                        ; D                   ; yes                    ;
; exp_slot:exp|cpu_q[7]$latch                        ; D                   ; yes                    ;
; Number of user-specified and inferred latches = 9  ;                     ;                        ;
+----------------------------------------------------+---------------------+------------------------+
Note: All latches listed above may not be present at the end of synthesis due to various synthesis optimizations.


+------------------------------------------------------+
; General Register Statistics                          ;
+----------------------------------------------+-------+
; Statistic                                    ; Value ;
+----------------------------------------------+-------+
; Total registers                              ; 98    ;
; Number of registers using Synchronous Clear  ; 3     ;
; Number of registers using Synchronous Load   ; 16    ;
; Number of registers using Asynchronous Clear ; 53    ;
; Number of registers using Asynchronous Load  ; 0     ;
; Number of registers using Clock Enable       ; 70    ;
; Number of registers using Preset             ; 0     ;
+----------------------------------------------+-------+


+---------------------------------------------------+
; Inverted Register Statistics                      ;
+-----------------------------------------+---------+
; Inverted Register                       ; Fan out ;
+-----------------------------------------+---------+
; s_fc[0]                                 ; 9       ;
; s_fc[1]                                 ; 9       ;
; s_fd[1]                                 ; 9       ;
; s_fe[0]                                 ; 2       ;
; spi:portaspi|spi_data_buf_s[7]          ; 1       ;
; spi:portaspi|spi_data_buf_s[6]          ; 1       ;
; spi:portaspi|spi_data_buf_s[5]          ; 1       ;
; spi:portaspi|spi_data_buf_s[4]          ; 1       ;
; spi:portaspi|spi_data_buf_s[0]          ; 1       ;
; spi:portaspi|spi_data_buf_s[1]          ; 1       ;
; spi:portaspi|spi_data_buf_s[2]          ; 1       ;
; spi:portaspi|spi_data_buf_s[3]          ; 1       ;
; Total number of inverted registers = 12 ;         ;
+-----------------------------------------+---------+


+---------------------------------------------------------------------------------------------------------------------------------------------------------+
; Multiplexer Restructuring Statistics (Restructuring Performed)                                                                                          ;
+--------------------+-----------+---------------+----------------------+------------------------+------------+-------------------------------------------+
; Multiplexer Inputs ; Bus Width ; Baseline Area ; Area if Restructured ; Saving if Restructured ; Registered ; Example Multiplexer Output                ;
+--------------------+-----------+---------------+----------------------+------------------------+------------+-------------------------------------------+
; 3:1                ; 8 bits    ; 16 LEs        ; 8 LEs                ; 8 LEs                  ; Yes        ; |SDMapper_TOP|tmr_cnt_q[0]                ;
; 3:1                ; 8 bits    ; 16 LEs        ; 8 LEs                ; 8 LEs                  ; Yes        ; |SDMapper_TOP|tmr_cnt_q[13]               ;
; 5:1                ; 5 bits    ; 15 LEs        ; 5 LEs                ; 10 LEs                 ; Yes        ; |SDMapper_TOP|spi:portaspi|count_q[2]     ;
; 5:1                ; 8 bits    ; 24 LEs        ; 8 LEs                ; 16 LEs                 ; Yes        ; |SDMapper_TOP|spi:portaspi|shift_reg_s[6] ;
; 3:1                ; 2 bits    ; 4 LEs         ; 2 LEs                ; 2 LEs                  ; No         ; |SDMapper_TOP|spi:portaspi|state_s        ;
; 4:1                ; 2 bits    ; 4 LEs         ; 2 LEs                ; 2 LEs                  ; No         ; |SDMapper_TOP|exp_slot:exp|exp_n[2]       ;
; 4:1                ; 5 bits    ; 10 LEs        ; 10 LEs               ; 0 LEs                  ; No         ; |SDMapper_TOP|s_SRAM_ADDR                 ;
; 7:1                ; 3 bits    ; 12 LEs        ; 12 LEs               ; 0 LEs                  ; No         ; |SDMapper_TOP|D[5]                        ;
; 8:1                ; 2 bits    ; 10 LEs        ; 4 LEs                ; 6 LEs                  ; No         ; |SDMapper_TOP|spi:portaspi|state_s.s_idle ;
; 10:1               ; 2 bits    ; 12 LEs        ; 12 LEs               ; 0 LEs                  ; No         ; |SDMapper_TOP|D[4]                        ;
; 12:1               ; 2 bits    ; 16 LEs        ; 16 LEs               ; 0 LEs                  ; No         ; |SDMapper_TOP|D[1]                        ;
+--------------------+-----------+---------------+----------------------+------------------------+------------+-------------------------------------------+


+---------------------------------------------------+
; Port Connectivity Checks: "decoder_7seg:DISPHEX2" ;
+-----------+-------+----------+--------------------+
; Port      ; Type  ; Severity ; Details            ;
+-----------+-------+----------+--------------------+
; number[3] ; Input ; Info     ; Stuck at GND       ;
+-----------+-------+----------+--------------------+


+-------------------------------+
; Elapsed Time Per Partition    ;
+----------------+--------------+
; Partition Name ; Elapsed Time ;
+----------------+--------------+
; Top            ; 00:00:00     ;
+----------------+--------------+


+-------------------------------+
; Analysis & Synthesis Messages ;
+-------------------------------+
Info: *******************************************************************
Info: Running Quartus II 64-Bit Analysis & Synthesis
    Info: Version 13.0.1 Build 232 06/12/2013 Service Pack 1 SJ Web Edition
    Info: Processing started: Tue Mar 14 20:46:23 2023
Info: Command: quartus_map --read_settings_files=on --write_settings_files=off SDMapper_Top -c SDMapper
Warning (20028): Parallel compilation is not licensed and has been disabled
Info (12021): Found 2 design units, including 1 entities, in source file exp_slot.vhd
    Info (12022): Found design unit 1: exp_slot-rtl
    Info (12023): Found entity 1: exp_slot
Info (12021): Found 2 design units, including 1 entities, in source file sdmapper_top.vhd
    Info (12022): Found design unit 1: SDMapper_TOP-bevioural
    Info (12023): Found entity 1: SDMapper_TOP
Info (12021): Found 2 design units, including 1 entities, in source file spi.vhd
    Info (12022): Found design unit 1: spi-Behavioral
    Info (12023): Found entity 1: spi
Info (12021): Found 2 design units, including 1 entities, in source file decoder_7seg.vhd
    Info (12022): Found design unit 1: decoder_7seg-rtl
    Info (12023): Found entity 1: decoder_7seg
Info (12127): Elaborating entity "SDMapper_TOP" for the top level hierarchy
Warning (10541): VHDL Signal Declaration warning at SDMapper_Top.vhd(44): used implicit default value for signal "UART_TXD" because signal was never assigned a value or an explicit default value. Use of implicit default value may introduce unintended design optimizations.
Warning (10541): VHDL Signal Declaration warning at SDMapper_Top.vhd(48): used implicit default value for signal "DRAM_ADDR" because signal was never assigned a value or an explicit default value. Use of implicit default value may introduce unintended design optimizations.
Warning (10541): VHDL Signal Declaration warning at SDMapper_Top.vhd(49): used implicit default value for signal "DRAM_LDQM" because signal was never assigned a value or an explicit default value. Use of implicit default value may introduce unintended design optimizations.
Warning (10541): VHDL Signal Declaration warning at SDMapper_Top.vhd(50): used implicit default value for signal "DRAM_UDQM" because signal was never assigned a value or an explicit default value. Use of implicit default value may introduce unintended design optimizations.
Warning (10541): VHDL Signal Declaration warning at SDMapper_Top.vhd(51): used implicit default value for signal "DRAM_WE_N" because signal was never assigned a value or an explicit default value. Use of implicit default value may introduce unintended design optimizations.
Warning (10541): VHDL Signal Declaration warning at SDMapper_Top.vhd(52): used implicit default value for signal "DRAM_CAS_N" because signal was never assigned a value or an explicit default value. Use of implicit default value may introduce unintended design optimizations.
Warning (10541): VHDL Signal Declaration warning at SDMapper_Top.vhd(53): used implicit default value for signal "DRAM_RAS_N" because signal was never assigned a value or an explicit default value. Use of implicit default value may introduce unintended design optimizations.
Warning (10541): VHDL Signal Declaration warning at SDMapper_Top.vhd(54): used implicit default value for signal "DRAM_CS_N" because signal was never assigned a value or an explicit default value. Use of implicit default value may introduce unintended design optimizations.
Warning (10541): VHDL Signal Declaration warning at SDMapper_Top.vhd(55): used implicit default value for signal "DRAM_BA_0" because signal was never assigned a value or an explicit default value. Use of implicit default value may introduce unintended design optimizations.
Warning (10541): VHDL Signal Declaration warning at SDMapper_Top.vhd(56): used implicit default value for signal "DRAM_BA_1" because signal was never assigned a value or an explicit default value. Use of implicit default value may introduce unintended design optimizations.
Warning (10541): VHDL Signal Declaration warning at SDMapper_Top.vhd(57): used implicit default value for signal "DRAM_CLK" because signal was never assigned a value or an explicit default value. Use of implicit default value may introduce unintended design optimizations.
Warning (10541): VHDL Signal Declaration warning at SDMapper_Top.vhd(58): used implicit default value for signal "DRAM_CKE" because signal was never assigned a value or an explicit default value. Use of implicit default value may introduce unintended design optimizations.
Warning (10541): VHDL Signal Declaration warning at SDMapper_Top.vhd(62): used implicit default value for signal "FL_WE_N" because signal was never assigned a value or an explicit default value. Use of implicit default value may introduce unintended design optimizations.
Warning (10541): VHDL Signal Declaration warning at SDMapper_Top.vhd(76): used implicit default value for signal "I2C_SCLK" because signal was never assigned a value or an explicit default value. Use of implicit default value may introduce unintended design optimizations.
Warning (10541): VHDL Signal Declaration warning at SDMapper_Top.vhd(84): used implicit default value for signal "TDO" because signal was never assigned a value or an explicit default value. Use of implicit default value may introduce unintended design optimizations.
Warning (10541): VHDL Signal Declaration warning at SDMapper_Top.vhd(86): used implicit default value for signal "VGA_HS" because signal was never assigned a value or an explicit default value. Use of implicit default value may introduce unintended design optimizations.
Warning (10541): VHDL Signal Declaration warning at SDMapper_Top.vhd(87): used implicit default value for signal "VGA_VS" because signal was never assigned a value or an explicit default value. Use of implicit default value may introduce unintended design optimizations.
Warning (10541): VHDL Signal Declaration warning at SDMapper_Top.vhd(88): used implicit default value for signal "VGA_R" because signal was never assigned a value or an explicit default value. Use of implicit default value may introduce unintended design optimizations.
Warning (10541): VHDL Signal Declaration warning at SDMapper_Top.vhd(89): used implicit default value for signal "VGA_G" because signal was never assigned a value or an explicit default value. Use of implicit default value may introduce unintended design optimizations.
Warning (10541): VHDL Signal Declaration warning at SDMapper_Top.vhd(90): used implicit default value for signal "VGA_B" because signal was never assigned a value or an explicit default value. Use of implicit default value may introduce unintended design optimizations.
Warning (10541): VHDL Signal Declaration warning at SDMapper_Top.vhd(95): used implicit default value for signal "AUD_DACDAT" because signal was never assigned a value or an explicit default value. Use of implicit default value may introduce unintended design optimizations.
Warning (10541): VHDL Signal Declaration warning at SDMapper_Top.vhd(97): used implicit default value for signal "AUD_XCK" because signal was never assigned a value or an explicit default value. Use of implicit default value may introduce unintended design optimizations.
Warning (10036): Verilog HDL or VHDL warning at SDMapper_Top.vhd(184): object "s_mreq" assigned a value but never read
Info (10041): Inferred latch for "s_sd_miso" at SDMapper_Top.vhd(454)
Info (12128): Elaborating entity "spi" for hierarchy "spi:portaspi"
Info (12128): Elaborating entity "decoder_7seg" for hierarchy "decoder_7seg:DISPHEX0"
Info (12128): Elaborating entity "exp_slot" for hierarchy "exp_slot:exp"
Info (10041): Inferred latch for "cpu_q[0]" at exp_slot.vhd(57)
Info (10041): Inferred latch for "cpu_q[1]" at exp_slot.vhd(57)
Info (10041): Inferred latch for "cpu_q[2]" at exp_slot.vhd(57)
Info (10041): Inferred latch for "cpu_q[3]" at exp_slot.vhd(57)
Info (10041): Inferred latch for "cpu_q[4]" at exp_slot.vhd(57)
Info (10041): Inferred latch for "cpu_q[5]" at exp_slot.vhd(57)
Info (10041): Inferred latch for "cpu_q[6]" at exp_slot.vhd(57)
Info (10041): Inferred latch for "cpu_q[7]" at exp_slot.vhd(57)
Warning (19016): Clock multiplexers are found and protected
    Warning (19017): Found clock multiplexer exp_slot:exp|Mux1
    Warning (19017): Found clock multiplexer exp_slot:exp|Mux0
Warning (19016): Clock multiplexers are found and protected
    Warning (19017): Found clock multiplexer spi_cs_s~synth
Warning (13039): The following bidir pins have no drivers
    Warning (13040): Bidir "FL_DQ[0]" has no driver
    Warning (13040): Bidir "FL_DQ[1]" has no driver
    Warning (13040): Bidir "FL_DQ[2]" has no driver
    Warning (13040): Bidir "FL_DQ[3]" has no driver
    Warning (13040): Bidir "FL_DQ[4]" has no driver
    Warning (13040): Bidir "FL_DQ[5]" has no driver
    Warning (13040): Bidir "FL_DQ[6]" has no driver
    Warning (13040): Bidir "FL_DQ[7]" has no driver
Warning (13027): Removed fan-outs from the following always-disabled I/O buffers
    Warning (13028): Removed fan-out from the always-disabled I/O buffer "SRAM_DQ[0]" to the node "SRAM_DQ[0]"
    Warning (13028): Removed fan-out from the always-disabled I/O buffer "SRAM_DQ[1]" to the node "SRAM_DQ[1]"
    Warning (13028): Removed fan-out from the always-disabled I/O buffer "SRAM_DQ[2]" to the node "SRAM_DQ[2]"
    Warning (13028): Removed fan-out from the always-disabled I/O buffer "SRAM_DQ[3]" to the node "SRAM_DQ[3]"
    Warning (13028): Removed fan-out from the always-disabled I/O buffer "SRAM_DQ[4]" to the node "SRAM_DQ[4]"
    Warning (13028): Removed fan-out from the always-disabled I/O buffer "SRAM_DQ[5]" to the node "SRAM_DQ[5]"
    Warning (13028): Removed fan-out from the always-disabled I/O buffer "SRAM_DQ[6]" to the node "SRAM_DQ[6]"
    Warning (13028): Removed fan-out from the always-disabled I/O buffer "SRAM_DQ[7]" to the node "SRAM_DQ[7]"
    Warning (13028): Removed fan-out from the always-disabled I/O buffer "SRAM_DQ[8]" to the node "SRAM_DQ[8]"
    Warning (13028): Removed fan-out from the always-disabled I/O buffer "SRAM_DQ[9]" to the node "SRAM_DQ[9]"
    Warning (13028): Removed fan-out from the always-disabled I/O buffer "SRAM_DQ[10]" to the node "SRAM_DQ[10]"
    Warning (13028): Removed fan-out from the always-disabled I/O buffer "SRAM_DQ[11]" to the node "SRAM_DQ[11]"
    Warning (13028): Removed fan-out from the always-disabled I/O buffer "SRAM_DQ[12]" to the node "SRAM_DQ[12]"
    Warning (13028): Removed fan-out from the always-disabled I/O buffer "SRAM_DQ[13]" to the node "SRAM_DQ[13]"
    Warning (13028): Removed fan-out from the always-disabled I/O buffer "SRAM_DQ[14]" to the node "SRAM_DQ[14]"
    Warning (13028): Removed fan-out from the always-disabled I/O buffer "SRAM_DQ[15]" to the node "SRAM_DQ[15]"
Warning (13012): Latch s_sd_miso has unsafe behavior
    Warning (13013): Ports D and ENA on the latch are fed by the same signal sd_sel_q[0]
Info (13000): Registers with preset signals will power-up high
Info (13003): DEV_CLRn pin will set, and not reset, register with preset signal due to NOT Gate Push-Back
Warning (13004): Presettable and clearable registers converted to equivalent circuits with latches. Registers power-up to an undefined state, and DEVCLRn places the registers in an undefined state.
    Warning (13310): Register "sd_chg_q[1]" is converted into an equivalent circuit using register "sd_chg_q[1]~_emulated" and latch "sd_chg_q[1]~1"
    Warning (13310): Register "sd_chg_q[0]" is converted into an equivalent circuit using register "sd_chg_q[0]~_emulated" and latch "sd_chg_q[0]~5"
Warning (13024): Output pins are stuck at VCC or GND
    Warning (13410): Pin "UART_TXD" is stuck at GND
    Warning (13410): Pin "DRAM_ADDR[0]" is stuck at GND
    Warning (13410): Pin "DRAM_ADDR[1]" is stuck at GND
    Warning (13410): Pin "DRAM_ADDR[2]" is stuck at GND
    Warning (13410): Pin "DRAM_ADDR[3]" is stuck at GND
    Warning (13410): Pin "DRAM_ADDR[4]" is stuck at GND
    Warning (13410): Pin "DRAM_ADDR[5]" is stuck at GND
    Warning (13410): Pin "DRAM_ADDR[6]" is stuck at GND
    Warning (13410): Pin "DRAM_ADDR[7]" is stuck at GND
    Warning (13410): Pin "DRAM_ADDR[8]" is stuck at GND
    Warning (13410): Pin "DRAM_ADDR[9]" is stuck at GND
    Warning (13410): Pin "DRAM_ADDR[10]" is stuck at GND
    Warning (13410): Pin "DRAM_ADDR[11]" is stuck at GND
    Warning (13410): Pin "DRAM_LDQM" is stuck at GND
    Warning (13410): Pin "DRAM_UDQM" is stuck at GND
    Warning (13410): Pin "DRAM_WE_N" is stuck at GND
    Warning (13410): Pin "DRAM_CAS_N" is stuck at GND
    Warning (13410): Pin "DRAM_RAS_N" is stuck at GND
    Warning (13410): Pin "DRAM_CS_N" is stuck at GND
    Warning (13410): Pin "DRAM_BA_0" is stuck at GND
    Warning (13410): Pin "DRAM_BA_1" is stuck at GND
    Warning (13410): Pin "DRAM_CLK" is stuck at GND
    Warning (13410): Pin "DRAM_CKE" is stuck at GND
    Warning (13410): Pin "FL_ADDR[18]" is stuck at GND
    Warning (13410): Pin "FL_ADDR[19]" is stuck at VCC
    Warning (13410): Pin "FL_ADDR[20]" is stuck at VCC
    Warning (13410): Pin "FL_ADDR[21]" is stuck at GND
    Warning (13410): Pin "FL_WE_N" is stuck at GND
    Warning (13410): Pin "FL_RST_N" is stuck at VCC
    Warning (13410): Pin "SRAM_OE_N" is stuck at GND
    Warning (13410): Pin "I2C_SCLK" is stuck at GND
    Warning (13410): Pin "TDO" is stuck at GND
    Warning (13410): Pin "VGA_HS" is stuck at GND
    Warning (13410): Pin "VGA_VS" is stuck at GND
    Warning (13410): Pin "VGA_R[0]" is stuck at GND
    Warning (13410): Pin "VGA_R[1]" is stuck at GND
    Warning (13410): Pin "VGA_R[2]" is stuck at GND
    Warning (13410): Pin "VGA_R[3]" is stuck at GND
    Warning (13410): Pin "VGA_G[0]" is stuck at GND
    Warning (13410): Pin "VGA_G[1]" is stuck at GND
    Warning (13410): Pin "VGA_G[2]" is stuck at GND
    Warning (13410): Pin "VGA_G[3]" is stuck at GND
    Warning (13410): Pin "VGA_B[0]" is stuck at GND
    Warning (13410): Pin "VGA_B[1]" is stuck at GND
    Warning (13410): Pin "VGA_B[2]" is stuck at GND
    Warning (13410): Pin "VGA_B[3]" is stuck at GND
    Warning (13410): Pin "AUD_DACDAT" is stuck at GND
    Warning (13410): Pin "AUD_XCK" is stuck at GND
Info (16010): Generating hard_block partition "hard_block:auto_generated_inst"
    Info (16011): Adding 0 node(s), including 0 DDIO, 0 PLL, 0 transceiver and 0 LCELL
Warning (21074): Design contains 20 input pin(s) that do not drive logic
    Warning (15610): No output dependent on input pin "CLOCK_24[0]"
    Warning (15610): No output dependent on input pin "CLOCK_24[1]"
    Warning (15610): No output dependent on input pin "CLOCK_27[0]"
    Warning (15610): No output dependent on input pin "CLOCK_27[1]"
    Warning (15610): No output dependent on input pin "EXT_CLOCK"
    Warning (15610): No output dependent on input pin "KEY[1]"
    Warning (15610): No output dependent on input pin "KEY[2]"
    Warning (15610): No output dependent on input pin "KEY[3]"
    Warning (15610): No output dependent on input pin "SW[4]"
    Warning (15610): No output dependent on input pin "SW[5]"
    Warning (15610): No output dependent on input pin "SW[6]"
    Warning (15610): No output dependent on input pin "UART_RXD"
    Warning (15610): No output dependent on input pin "PS2_DAT"
    Warning (15610): No output dependent on input pin "PS2_CLK"
    Warning (15610): No output dependent on input pin "TDI"
    Warning (15610): No output dependent on input pin "TCK"
    Warning (15610): No output dependent on input pin "TCS"
    Warning (15610): No output dependent on input pin "AUD_ADCDAT"
    Warning (15610): No output dependent on input pin "MREQ_n"
    Warning (15610): No output dependent on input pin "CS_n"
Info (21057): Implemented 593 device resources after synthesis - the final resource count might be different
    Info (21058): Implemented 53 input pins
    Info (21059): Implemented 146 output pins
    Info (21060): Implemented 52 bidirectional pins
    Info (21061): Implemented 342 logic cells
Info: Quartus II 64-Bit Analysis & Synthesis was successful. 0 errors, 130 warnings
    Info: Peak virtual memory: 4635 megabytes
    Info: Processing ended: Tue Mar 14 20:46:25 2023
    Info: Elapsed time: 00:00:02
    Info: Total CPU time (on all processors): 00:00:02


