Flow report for MemoryMapper512K
Sat Feb 18 16:33:46 2023
Quartus II 64-Bit Version 13.0.1 Build 232 06/12/2013 Service Pack 1 SJ Web Edition


---------------------
; Table of Contents ;
---------------------
  1. Legal Notice
  2. Flow Summary
  3. Flow Settings
  4. Flow Non-Default Global Settings
  5. Flow Elapsed Time
  6. Flow OS Summary
  7. Flow Log
  8. Flow Messages
  9. Flow Suppressed Messages



----------------
; Legal Notice ;
----------------
Copyright (C) 1991-2013 Altera Corporation
Your use of Altera Corporation's design tools, logic functions 
and other software and tools, and its AMPP partner logic 
functions, and any output files from any of the foregoing 
(including device programming or simulation files), and any 
associated documentation or information are expressly subject 
to the terms and conditions of the Altera Program License 
Subscription Agreement, Altera MegaCore Function License 
Agreement, or other applicable license agreement, including, 
without limitation, that your use is for the sole purpose of 
programming logic devices manufactured by Altera and sold by 
Altera or its authorized distributors.  Please refer to the 
applicable agreement for further details.



+--------------------------------------------------------------------------------------+
; Flow Summary                                                                         ;
+------------------------------------+-------------------------------------------------+
; Flow Status                        ; Successful - Sat Feb 18 16:33:43 2023           ;
; Quartus II 64-Bit Version          ; 13.0.1 Build 232 06/12/2013 SP 1 SJ Web Edition ;
; Revision Name                      ; MemoryMapper512K                                ;
; Top-level Entity Name              ; MemoryMapper512K_Top                            ;
; Family                             ; Cyclone III                                     ;
; Device                             ; EP3C16F484C6                                    ;
; Timing Models                      ; Final                                           ;
; Total logic elements               ; 165 / 15,408 ( 1 % )                            ;
;     Total combinational functions  ; 162 / 15,408 ( 1 % )                            ;
;     Dedicated logic registers      ; 30 / 15,408 ( < 1 % )                           ;
; Total registers                    ; 30                                              ;
; Total pins                         ; 247 / 347 ( 71 % )                              ;
; Total virtual pins                 ; 0                                               ;
; Total memory bits                  ; 262,144 / 516,096 ( 51 % )                      ;
; Embedded Multiplier 9-bit elements ; 0 / 112 ( 0 % )                                 ;
; Total PLLs                         ; 0 / 4 ( 0 % )                                   ;
+------------------------------------+-------------------------------------------------+


+-----------------------------------------+
; Flow Settings                           ;
+-------------------+---------------------+
; Option            ; Setting             ;
+-------------------+---------------------+
; Start date & time ; 02/18/2023 16:33:31 ;
; Main task         ; Compilation         ;
; Revision Name     ; MemoryMapper512K    ;
+-------------------+---------------------+


+------------------------------------------------------------------------------------------------------------------------------------+
; Flow Non-Default Global Settings                                                                                                   ;
+-------------------------------------+---------------------------------------+------------------+----------------------+------------+
; Assignment Name                     ; Value                                 ; Default Value    ; Entity Name          ; Section Id ;
+-------------------------------------+---------------------------------------+------------------+----------------------+------------+
; COMPILER_SIGNATURE_ID               ; 53447168746495.167673801114076        ; --               ; --                   ; --         ;
; MAX_CORE_JUNCTION_TEMP              ; 85                                    ; --               ; --                   ; --         ;
; MIN_CORE_JUNCTION_TEMP              ; 0                                     ; --               ; --                   ; --         ;
; OUTPUT_IO_TIMING_FAR_END_VMEAS      ; Half Signal Swing                     ; --               ; --                   ; --         ;
; OUTPUT_IO_TIMING_FAR_END_VMEAS      ; Half Signal Swing                     ; --               ; --                   ; --         ;
; OUTPUT_IO_TIMING_NEAR_END_VMEAS     ; Half Vccio                            ; --               ; --                   ; --         ;
; OUTPUT_IO_TIMING_NEAR_END_VMEAS     ; Half Vccio                            ; --               ; --                   ; --         ;
; PARTITION_COLOR                     ; 16764057                              ; --               ; MemoryMapper512K_Top ; Top        ;
; PARTITION_FITTER_PRESERVATION_LEVEL ; PLACEMENT_AND_ROUTING                 ; --               ; MemoryMapper512K_Top ; Top        ;
; PARTITION_NETLIST_TYPE              ; SOURCE                                ; --               ; MemoryMapper512K_Top ; Top        ;
; POWER_BOARD_THERMAL_MODEL           ; None (CONSERVATIVE)                   ; --               ; --                   ; --         ;
; POWER_PRESET_COOLING_SOLUTION       ; 23 MM HEAT SINK WITH 200 LFPM AIRFLOW ; --               ; --                   ; --         ;
; PROJECT_OUTPUT_DIRECTORY            ; output_files                          ; --               ; --                   ; --         ;
; TOP_LEVEL_ENTITY                    ; MemoryMapper512K_Top                  ; MemoryMapper512K ; --                   ; --         ;
+-------------------------------------+---------------------------------------+------------------+----------------------+------------+


+-------------------------------------------------------------------------------------------------------------------------------+
; Flow Elapsed Time                                                                                                             ;
+---------------------------+--------------+-------------------------+---------------------+------------------------------------+
; Module Name               ; Elapsed Time ; Average Processors Used ; Peak Virtual Memory ; Total CPU Time (on all processors) ;
+---------------------------+--------------+-------------------------+---------------------+------------------------------------+
; Analysis & Synthesis      ; 00:00:02     ; 1.0                     ; 4637 MB             ; 00:00:02                           ;
; Fitter                    ; 00:00:08     ; 1.0                     ; 4911 MB             ; 00:00:08                           ;
; Assembler                 ; 00:00:01     ; 1.0                     ; 4549 MB             ; 00:00:01                           ;
; TimeQuest Timing Analyzer ; 00:00:02     ; 1.0                     ; 4591 MB             ; 00:00:02                           ;
; Total                     ; 00:00:13     ; --                      ; --                  ; 00:00:13                           ;
+---------------------------+--------------+-------------------------+---------------------+------------------------------------+


+----------------------------------------------------------------------------------------+
; Flow OS Summary                                                                        ;
+---------------------------+------------------+-----------+------------+----------------+
; Module Name               ; Machine Hostname ; OS Name   ; OS Version ; Processor type ;
+---------------------------+------------------+-----------+------------+----------------+
; Analysis & Synthesis      ; AlphaPC          ; Windows 7 ; 6.2        ; x86_64         ;
; Fitter                    ; AlphaPC          ; Windows 7 ; 6.2        ; x86_64         ;
; Assembler                 ; AlphaPC          ; Windows 7 ; 6.2        ; x86_64         ;
; TimeQuest Timing Analyzer ; AlphaPC          ; Windows 7 ; 6.2        ; x86_64         ;
+---------------------------+------------------+-----------+------------+----------------+


------------
; Flow Log ;
------------
quartus_map --read_settings_files=on --write_settings_files=off MemoryMapper512K -c MemoryMapper512K
quartus_fit --read_settings_files=off --write_settings_files=off MemoryMapper512K -c MemoryMapper512K
quartus_asm --read_settings_files=off --write_settings_files=off MemoryMapper512K -c MemoryMapper512K
quartus_sta MemoryMapper512K -c MemoryMapper512K



