Analysis & Synthesis report for MSX_FPGA_Top
Tue Jan 23 18:48:55 2024
Quartus II 64-Bit Version 13.0.1 Build 232 06/12/2013 Service Pack 1 SJ Web Edition


---------------------
; Table of Contents ;
---------------------
  1. Legal Notice
  2. Analysis & Synthesis Summary
  3. Analysis & Synthesis Settings
  4. Parallel Compilation
  5. Analysis & Synthesis Source Files Read
  6. Analysis & Synthesis Resource Usage Summary
  7. Analysis & Synthesis Resource Utilization by Entity
  8. User-Specified and Inferred Latches
  9. General Register Statistics
 10. Inverted Register Statistics
 11. Multiplexer Restructuring Statistics (Restructuring Performed)
 12. Elapsed Time Per Partition
 13. Analysis & Synthesis Messages



----------------
; Legal Notice ;
----------------
Copyright (C) 1991-2013 Altera Corporation
Your use of Altera Corporation's design tools, logic functions 
and other software and tools, and its AMPP partner logic 
functions, and any output files from any of the foregoing 
(including device programming or simulation files), and any 
associated documentation or information are expressly subject 
to the terms and conditions of the Altera Program License 
Subscription Agreement, Altera MegaCore Function License 
Agreement, or other applicable license agreement, including, 
without limitation, that your use is for the sole purpose of 
programming logic devices manufactured by Altera and sold by 
Altera or its authorized distributors.  Please refer to the 
applicable agreement for further details.



+--------------------------------------------------------------------------------------+
; Analysis & Synthesis Summary                                                         ;
+------------------------------------+-------------------------------------------------+
; Analysis & Synthesis Status        ; Successful - Tue Jan 23 18:48:55 2024           ;
; Quartus II 64-Bit Version          ; 13.0.1 Build 232 06/12/2013 SP 1 SJ Web Edition ;
; Revision Name                      ; MSX_FPGA_Top                                    ;
; Top-level Entity Name              ; MSX_FPGA_Top                                    ;
; Family                             ; Cyclone III                                     ;
; Total logic elements               ; 117                                             ;
;     Total combinational functions  ; 106                                             ;
;     Dedicated logic registers      ; 12                                              ;
; Total registers                    ; 12                                              ;
; Total pins                         ; 252                                             ;
; Total virtual pins                 ; 0                                               ;
; Total memory bits                  ; 0                                               ;
; Embedded Multiplier 9-bit elements ; 0                                               ;
; Total PLLs                         ; 0                                               ;
+------------------------------------+-------------------------------------------------+


+----------------------------------------------------------------------------------------------------------------------+
; Analysis & Synthesis Settings                                                                                        ;
+----------------------------------------------------------------------------+--------------------+--------------------+
; Option                                                                     ; Setting            ; Default Value      ;
+----------------------------------------------------------------------------+--------------------+--------------------+
; Device                                                                     ; EP3C16F484C6       ;                    ;
; Top-level entity name                                                      ; MSX_FPGA_Top       ; MSX_FPGA_Top       ;
; Family name                                                                ; Cyclone III        ; Cyclone IV GX      ;
; Use smart compilation                                                      ; Off                ; Off                ;
; Enable parallel Assembler and TimeQuest Timing Analyzer during compilation ; On                 ; On                 ;
; Enable compact report table                                                ; Off                ; Off                ;
; Restructure Multiplexers                                                   ; Auto               ; Auto               ;
; Create Debugging Nodes for IP Cores                                        ; Off                ; Off                ;
; Preserve fewer node names                                                  ; On                 ; On                 ;
; Disable OpenCore Plus hardware evaluation                                  ; Off                ; Off                ;
; Verilog Version                                                            ; Verilog_2001       ; Verilog_2001       ;
; VHDL Version                                                               ; VHDL_1993          ; VHDL_1993          ;
; State Machine Processing                                                   ; Auto               ; Auto               ;
; Safe State Machine                                                         ; Off                ; Off                ;
; Extract Verilog State Machines                                             ; On                 ; On                 ;
; Extract VHDL State Machines                                                ; On                 ; On                 ;
; Ignore Verilog initial constructs                                          ; Off                ; Off                ;
; Iteration limit for constant Verilog loops                                 ; 5000               ; 5000               ;
; Iteration limit for non-constant Verilog loops                             ; 250                ; 250                ;
; Add Pass-Through Logic to Inferred RAMs                                    ; On                 ; On                 ;
; Infer RAMs from Raw Logic                                                  ; On                 ; On                 ;
; Parallel Synthesis                                                         ; On                 ; On                 ;
; DSP Block Balancing                                                        ; Auto               ; Auto               ;
; NOT Gate Push-Back                                                         ; On                 ; On                 ;
; Power-Up Don't Care                                                        ; On                 ; On                 ;
; Remove Redundant Logic Cells                                               ; Off                ; Off                ;
; Remove Duplicate Registers                                                 ; On                 ; On                 ;
; Ignore CARRY Buffers                                                       ; Off                ; Off                ;
; Ignore CASCADE Buffers                                                     ; Off                ; Off                ;
; Ignore GLOBAL Buffers                                                      ; Off                ; Off                ;
; Ignore ROW GLOBAL Buffers                                                  ; Off                ; Off                ;
; Ignore LCELL Buffers                                                       ; Off                ; Off                ;
; Ignore SOFT Buffers                                                        ; On                 ; On                 ;
; Limit AHDL Integers to 32 Bits                                             ; Off                ; Off                ;
; Optimization Technique                                                     ; Balanced           ; Balanced           ;
; Carry Chain Length                                                         ; 70                 ; 70                 ;
; Auto Carry Chains                                                          ; On                 ; On                 ;
; Auto Open-Drain Pins                                                       ; On                 ; On                 ;
; Perform WYSIWYG Primitive Resynthesis                                      ; Off                ; Off                ;
; Auto ROM Replacement                                                       ; On                 ; On                 ;
; Auto RAM Replacement                                                       ; On                 ; On                 ;
; Auto DSP Block Replacement                                                 ; On                 ; On                 ;
; Auto Shift Register Replacement                                            ; Auto               ; Auto               ;
; Allow Shift Register Merging across Hierarchies                            ; Auto               ; Auto               ;
; Auto Clock Enable Replacement                                              ; On                 ; On                 ;
; Strict RAM Replacement                                                     ; Off                ; Off                ;
; Allow Synchronous Control Signals                                          ; On                 ; On                 ;
; Force Use of Synchronous Clear Signals                                     ; Off                ; Off                ;
; Auto RAM Block Balancing                                                   ; On                 ; On                 ;
; Auto RAM to Logic Cell Conversion                                          ; Off                ; Off                ;
; Auto Resource Sharing                                                      ; Off                ; Off                ;
; Allow Any RAM Size For Recognition                                         ; Off                ; Off                ;
; Allow Any ROM Size For Recognition                                         ; Off                ; Off                ;
; Allow Any Shift Register Size For Recognition                              ; Off                ; Off                ;
; Use LogicLock Constraints during Resource Balancing                        ; On                 ; On                 ;
; Ignore translate_off and synthesis_off directives                          ; Off                ; Off                ;
; Timing-Driven Synthesis                                                    ; On                 ; On                 ;
; Report Parameter Settings                                                  ; On                 ; On                 ;
; Report Source Assignments                                                  ; On                 ; On                 ;
; Report Connectivity Checks                                                 ; On                 ; On                 ;
; Ignore Maximum Fan-Out Assignments                                         ; Off                ; Off                ;
; Synchronization Register Chain Length                                      ; 2                  ; 2                  ;
; PowerPlay Power Optimization                                               ; Normal compilation ; Normal compilation ;
; HDL message level                                                          ; Level2             ; Level2             ;
; Suppress Register Optimization Related Messages                            ; Off                ; Off                ;
; Number of Removed Registers Reported in Synthesis Report                   ; 5000               ; 5000               ;
; Number of Swept Nodes Reported in Synthesis Report                         ; 5000               ; 5000               ;
; Number of Inverted Registers Reported in Synthesis Report                  ; 100                ; 100                ;
; Clock MUX Protection                                                       ; On                 ; On                 ;
; Auto Gated Clock Conversion                                                ; Off                ; Off                ;
; Block Design Naming                                                        ; Auto               ; Auto               ;
; SDC constraint protection                                                  ; Off                ; Off                ;
; Synthesis Effort                                                           ; Auto               ; Auto               ;
; Shift Register Replacement - Allow Asynchronous Clear Signal               ; On                 ; On                 ;
; Pre-Mapping Resynthesis Optimization                                       ; Off                ; Off                ;
; Analysis & Synthesis Message Level                                         ; Medium             ; Medium             ;
; Disable Register Merging Across Hierarchies                                ; Auto               ; Auto               ;
; Resource Aware Inference For Block RAM                                     ; On                 ; On                 ;
; Synthesis Seed                                                             ; 1                  ; 1                  ;
+----------------------------------------------------------------------------+--------------------+--------------------+


Parallel compilation was disabled, but you have multiple processors available. Enable parallel compilation to reduce compilation time.
+-------------------------------------+
; Parallel Compilation                ;
+----------------------------+--------+
; Processors                 ; Number ;
+----------------------------+--------+
; Number detected on machine ; 20     ;
; Maximum allowed            ; 1      ;
+----------------------------+--------+


+-----------------------------------------------------------------------------------------------------------------------------------------------------------------------------------------------+
; Analysis & Synthesis Source Files Read                                                                                                                                                        ;
+----------------------------------+-----------------+-----------------+--------------------------------------------------------------------------------------------------------------+---------+
; File Name with User-Entered Path ; Used in Netlist ; File Type       ; File Name with Absolute Path                                                                                 ; Library ;
+----------------------------------+-----------------+-----------------+--------------------------------------------------------------------------------------------------------------+---------+
; MSX_FPGA_Top.vhd                 ; yes             ; User VHDL File  ; C:/Users/roniv/Dev/github/MSX_FPGA_Hat/Reference Designs/Altera DE0 Project/MegaROM_Konami8/MSX_FPGA_Top.vhd ;         ;
; decoder_7seg.vhd                 ; yes             ; User VHDL File  ; C:/Users/roniv/Dev/github/MSX_FPGA_Hat/Reference Designs/Altera DE0 Project/MegaROM_Konami8/decoder_7seg.vhd ;         ;
+----------------------------------+-----------------+-----------------+--------------------------------------------------------------------------------------------------------------+---------+


+---------------------------------------------------------+
; Analysis & Synthesis Resource Usage Summary             ;
+---------------------------------------------+-----------+
; Resource                                    ; Usage     ;
+---------------------------------------------+-----------+
; Estimated Total logic elements              ; 117       ;
;                                             ;           ;
; Total combinational functions               ; 106       ;
; Logic element usage by number of LUT inputs ;           ;
;     -- 4 input functions                    ; 49        ;
;     -- 3 input functions                    ; 39        ;
;     -- <=2 input functions                  ; 18        ;
;                                             ;           ;
; Logic elements by mode                      ;           ;
;     -- normal mode                          ; 91        ;
;     -- arithmetic mode                      ; 15        ;
;                                             ;           ;
; Total registers                             ; 12        ;
;     -- Dedicated logic registers            ; 12        ;
;     -- I/O registers                        ; 0         ;
;                                             ;           ;
; I/O pins                                    ; 252       ;
; Embedded Multiplier 9-bit elements          ; 0         ;
; Maximum fan-out node                        ; s_rom_a~0 ;
; Maximum fan-out                             ; 19        ;
; Total fan-out                               ; 776       ;
; Average fan-out                             ; 1.13      ;
+---------------------------------------------+-----------+


+---------------------------------------------------------------------------------------------------------------------------------------------------------------------------------------------+
; Analysis & Synthesis Resource Utilization by Entity                                                                                                                                         ;
+----------------------------+-------------------+--------------+-------------+--------------+---------+-----------+------+--------------+-------------------------------------+--------------+
; Compilation Hierarchy Node ; LC Combinationals ; LC Registers ; Memory Bits ; DSP Elements ; DSP 9x9 ; DSP 18x18 ; Pins ; Virtual Pins ; Full Hierarchy Name                 ; Library Name ;
+----------------------------+-------------------+--------------+-------------+--------------+---------+-----------+------+--------------+-------------------------------------+--------------+
; |MSX_FPGA_Top              ; 106 (78)          ; 12 (12)      ; 0           ; 0            ; 0       ; 0         ; 252  ; 0            ; |MSX_FPGA_Top                       ; work         ;
;    |decoder_7seg:DISPHEX0| ; 7 (7)             ; 0 (0)        ; 0           ; 0            ; 0       ; 0         ; 0    ; 0            ; |MSX_FPGA_Top|decoder_7seg:DISPHEX0 ; work         ;
;    |decoder_7seg:DISPHEX1| ; 7 (7)             ; 0 (0)        ; 0           ; 0            ; 0       ; 0         ; 0    ; 0            ; |MSX_FPGA_Top|decoder_7seg:DISPHEX1 ; work         ;
;    |decoder_7seg:DISPHEX2| ; 7 (7)             ; 0 (0)        ; 0           ; 0            ; 0       ; 0         ; 0    ; 0            ; |MSX_FPGA_Top|decoder_7seg:DISPHEX2 ; work         ;
;    |decoder_7seg:DISPHEX3| ; 7 (7)             ; 0 (0)        ; 0           ; 0            ; 0       ; 0         ; 0    ; 0            ; |MSX_FPGA_Top|decoder_7seg:DISPHEX3 ; work         ;
+----------------------------+-------------------+--------------+-------------+--------------+---------+-----------+------+--------------+-------------------------------------+--------------+
Note: For table entries with two numbers listed, the numbers in parentheses indicate the number of resources of the given type used by the specific entity alone. The numbers listed outside of parentheses indicate the total resources of the given type used by the specific entity and all of its sub-entities in the hierarchy.


+----------------------------------------------------------------------------------------------------+
; User-Specified and Inferred Latches                                                                ;
+-----------------------------------------------------+---------------------+------------------------+
; Latch Name                                          ; Latch Enable Signal ; Free of Timing Hazards ;
+-----------------------------------------------------+---------------------+------------------------+
; HEXDIGIT0[0]                                        ; s_rom_a             ; yes                    ;
; HEXDIGIT0[1]                                        ; s_rom_a             ; yes                    ;
; HEXDIGIT0[2]                                        ; s_rom_a             ; yes                    ;
; HEXDIGIT0[3]                                        ; s_rom_a             ; yes                    ;
; HEXDIGIT1[0]                                        ; s_rom_a             ; yes                    ;
; HEXDIGIT1[1]                                        ; s_rom_a             ; yes                    ;
; HEXDIGIT1[2]                                        ; s_rom_a             ; yes                    ;
; HEXDIGIT1[3]                                        ; s_rom_a             ; yes                    ;
; HEXDIGIT2[0]                                        ; s_rom_a             ; yes                    ;
; HEXDIGIT2[1]                                        ; s_rom_a             ; yes                    ;
; HEXDIGIT2[2]                                        ; s_rom_a             ; yes                    ;
; HEXDIGIT2[3]                                        ; s_rom_a             ; yes                    ;
; HEXDIGIT3[0]                                        ; s_rom_a             ; yes                    ;
; HEXDIGIT3[1]                                        ; s_rom_a             ; yes                    ;
; HEXDIGIT3[2]                                        ; s_rom_a             ; yes                    ;
; HEXDIGIT3[3]                                        ; s_rom_a             ; yes                    ;
; Number of user-specified and inferred latches = 16  ;                     ;                        ;
+-----------------------------------------------------+---------------------+------------------------+
Note: All latches listed above may not be present at the end of synthesis due to various synthesis optimizations.


+------------------------------------------------------+
; General Register Statistics                          ;
+----------------------------------------------+-------+
; Statistic                                    ; Value ;
+----------------------------------------------+-------+
; Total registers                              ; 12    ;
; Number of registers using Synchronous Clear  ; 0     ;
; Number of registers using Synchronous Load   ; 0     ;
; Number of registers using Asynchronous Clear ; 12    ;
; Number of registers using Asynchronous Load  ; 0     ;
; Number of registers using Clock Enable       ; 12    ;
; Number of registers using Preset             ; 0     ;
+----------------------------------------------+-------+


+--------------------------------------------------+
; Inverted Register Statistics                     ;
+----------------------------------------+---------+
; Inverted Register                      ; Fan out ;
+----------------------------------------+---------+
; rom_bank2_q[0]                         ; 2       ;
; Total number of inverted registers = 1 ;         ;
+----------------------------------------+---------+


+---------------------------------------------------------------------------------------------------------------------------------------------+
; Multiplexer Restructuring Statistics (Restructuring Performed)                                                                              ;
+--------------------+-----------+---------------+----------------------+------------------------+------------+-------------------------------+
; Multiplexer Inputs ; Bus Width ; Baseline Area ; Area if Restructured ; Saving if Restructured ; Registered ; Example Multiplexer Output    ;
+--------------------+-----------+---------------+----------------------+------------------------+------------+-------------------------------+
; 4:1                ; 9 bits    ; 18 LEs        ; 18 LEs               ; 0 LEs                  ; No         ; |MSX_FPGA_Top|s_rom_a         ;
; 4:1                ; 2 bits    ; 4 LEs         ; 4 LEs                ; 0 LEs                  ; No         ; |MSX_FPGA_Top|s_flashbase[17] ;
+--------------------+-----------+---------------+----------------------+------------------------+------------+-------------------------------+


+-------------------------------+
; Elapsed Time Per Partition    ;
+----------------+--------------+
; Partition Name ; Elapsed Time ;
+----------------+--------------+
; Top            ; 00:00:00     ;
+----------------+--------------+


+-------------------------------+
; Analysis & Synthesis Messages ;
+-------------------------------+
Info: *******************************************************************
Info: Running Quartus II 64-Bit Analysis & Synthesis
    Info: Version 13.0.1 Build 232 06/12/2013 Service Pack 1 SJ Web Edition
    Info: Processing started: Tue Jan 23 18:48:52 2024
Info: Command: quartus_map --read_settings_files=on --write_settings_files=off MSX_FPGA_Top -c MSX_FPGA_Top
Warning (20028): Parallel compilation is not licensed and has been disabled
Info (12021): Found 2 design units, including 1 entities, in source file msx_fpga_top.vhd
    Info (12022): Found design unit 1: MSX_FPGA_Top-behavioural
    Info (12023): Found entity 1: MSX_FPGA_Top
Info (12021): Found 2 design units, including 1 entities, in source file decoder_7seg.vhd
    Info (12022): Found design unit 1: decoder_7seg-rtl
    Info (12023): Found entity 1: decoder_7seg
Info (12127): Elaborating entity "MSX_FPGA_Top" for the top level hierarchy
Warning (10541): VHDL Signal Declaration warning at MSX_FPGA_Top.vhd(58): used implicit default value for signal "HEX0_DP" because signal was never assigned a value or an explicit default value. Use of implicit default value may introduce unintended design optimizations.
Warning (10541): VHDL Signal Declaration warning at MSX_FPGA_Top.vhd(59): used implicit default value for signal "HEX1_DP" because signal was never assigned a value or an explicit default value. Use of implicit default value may introduce unintended design optimizations.
Warning (10541): VHDL Signal Declaration warning at MSX_FPGA_Top.vhd(60): used implicit default value for signal "HEX2_DP" because signal was never assigned a value or an explicit default value. Use of implicit default value may introduce unintended design optimizations.
Warning (10541): VHDL Signal Declaration warning at MSX_FPGA_Top.vhd(61): used implicit default value for signal "HEX3_DP" because signal was never assigned a value or an explicit default value. Use of implicit default value may introduce unintended design optimizations.
Warning (10541): VHDL Signal Declaration warning at MSX_FPGA_Top.vhd(65): used implicit default value for signal "UART_TXD" because signal was never assigned a value or an explicit default value. Use of implicit default value may introduce unintended design optimizations.
Warning (10541): VHDL Signal Declaration warning at MSX_FPGA_Top.vhd(67): used implicit default value for signal "UART_CTS" because signal was never assigned a value or an explicit default value. Use of implicit default value may introduce unintended design optimizations.
Warning (10541): VHDL Signal Declaration warning at MSX_FPGA_Top.vhd(71): used implicit default value for signal "DRAM_ADDR" because signal was never assigned a value or an explicit default value. Use of implicit default value may introduce unintended design optimizations.
Warning (10541): VHDL Signal Declaration warning at MSX_FPGA_Top.vhd(72): used implicit default value for signal "DRAM_LDQM" because signal was never assigned a value or an explicit default value. Use of implicit default value may introduce unintended design optimizations.
Warning (10541): VHDL Signal Declaration warning at MSX_FPGA_Top.vhd(73): used implicit default value for signal "DRAM_UDQM" because signal was never assigned a value or an explicit default value. Use of implicit default value may introduce unintended design optimizations.
Warning (10541): VHDL Signal Declaration warning at MSX_FPGA_Top.vhd(74): used implicit default value for signal "DRAM_WE_N" because signal was never assigned a value or an explicit default value. Use of implicit default value may introduce unintended design optimizations.
Warning (10541): VHDL Signal Declaration warning at MSX_FPGA_Top.vhd(75): used implicit default value for signal "DRAM_CAS_N" because signal was never assigned a value or an explicit default value. Use of implicit default value may introduce unintended design optimizations.
Warning (10541): VHDL Signal Declaration warning at MSX_FPGA_Top.vhd(76): used implicit default value for signal "DRAM_RAS_N" because signal was never assigned a value or an explicit default value. Use of implicit default value may introduce unintended design optimizations.
Warning (10541): VHDL Signal Declaration warning at MSX_FPGA_Top.vhd(77): used implicit default value for signal "DRAM_CS_N" because signal was never assigned a value or an explicit default value. Use of implicit default value may introduce unintended design optimizations.
Warning (10541): VHDL Signal Declaration warning at MSX_FPGA_Top.vhd(78): used implicit default value for signal "DRAM_BA_0" because signal was never assigned a value or an explicit default value. Use of implicit default value may introduce unintended design optimizations.
Warning (10541): VHDL Signal Declaration warning at MSX_FPGA_Top.vhd(79): used implicit default value for signal "DRAM_BA_1" because signal was never assigned a value or an explicit default value. Use of implicit default value may introduce unintended design optimizations.
Warning (10541): VHDL Signal Declaration warning at MSX_FPGA_Top.vhd(80): used implicit default value for signal "DRAM_CLK" because signal was never assigned a value or an explicit default value. Use of implicit default value may introduce unintended design optimizations.
Warning (10541): VHDL Signal Declaration warning at MSX_FPGA_Top.vhd(81): used implicit default value for signal "DRAM_CKE" because signal was never assigned a value or an explicit default value. Use of implicit default value may introduce unintended design optimizations.
Warning (10541): VHDL Signal Declaration warning at MSX_FPGA_Top.vhd(95): used implicit default value for signal "LCD_BLON" because signal was never assigned a value or an explicit default value. Use of implicit default value may introduce unintended design optimizations.
Warning (10541): VHDL Signal Declaration warning at MSX_FPGA_Top.vhd(96): used implicit default value for signal "LCD_RW" because signal was never assigned a value or an explicit default value. Use of implicit default value may introduce unintended design optimizations.
Warning (10541): VHDL Signal Declaration warning at MSX_FPGA_Top.vhd(97): used implicit default value for signal "LCD_EN" because signal was never assigned a value or an explicit default value. Use of implicit default value may introduce unintended design optimizations.
Warning (10541): VHDL Signal Declaration warning at MSX_FPGA_Top.vhd(98): used implicit default value for signal "LCD_RS" because signal was never assigned a value or an explicit default value. Use of implicit default value may introduce unintended design optimizations.
Warning (10541): VHDL Signal Declaration warning at MSX_FPGA_Top.vhd(103): used implicit default value for signal "SD_CLK" because signal was never assigned a value or an explicit default value. Use of implicit default value may introduce unintended design optimizations.
Warning (10541): VHDL Signal Declaration warning at MSX_FPGA_Top.vhd(111): used implicit default value for signal "VGA_HS" because signal was never assigned a value or an explicit default value. Use of implicit default value may introduce unintended design optimizations.
Warning (10541): VHDL Signal Declaration warning at MSX_FPGA_Top.vhd(112): used implicit default value for signal "VGA_VS" because signal was never assigned a value or an explicit default value. Use of implicit default value may introduce unintended design optimizations.
Warning (10541): VHDL Signal Declaration warning at MSX_FPGA_Top.vhd(113): used implicit default value for signal "VGA_R" because signal was never assigned a value or an explicit default value. Use of implicit default value may introduce unintended design optimizations.
Warning (10541): VHDL Signal Declaration warning at MSX_FPGA_Top.vhd(114): used implicit default value for signal "VGA_G" because signal was never assigned a value or an explicit default value. Use of implicit default value may introduce unintended design optimizations.
Warning (10541): VHDL Signal Declaration warning at MSX_FPGA_Top.vhd(115): used implicit default value for signal "VGA_B" because signal was never assigned a value or an explicit default value. Use of implicit default value may introduce unintended design optimizations.
Warning (10541): VHDL Signal Declaration warning at MSX_FPGA_Top.vhd(119): used implicit default value for signal "SRAM_ADDR" because signal was never assigned a value or an explicit default value. Use of implicit default value may introduce unintended design optimizations.
Warning (10541): VHDL Signal Declaration warning at MSX_FPGA_Top.vhd(120): used implicit default value for signal "SRAM_UB_N" because signal was never assigned a value or an explicit default value. Use of implicit default value may introduce unintended design optimizations.
Warning (10541): VHDL Signal Declaration warning at MSX_FPGA_Top.vhd(121): used implicit default value for signal "SRAM_LB_N" because signal was never assigned a value or an explicit default value. Use of implicit default value may introduce unintended design optimizations.
Warning (10541): VHDL Signal Declaration warning at MSX_FPGA_Top.vhd(122): used implicit default value for signal "SRAM_WE_N" because signal was never assigned a value or an explicit default value. Use of implicit default value may introduce unintended design optimizations.
Warning (10541): VHDL Signal Declaration warning at MSX_FPGA_Top.vhd(123): used implicit default value for signal "SRAM_CE_N" because signal was never assigned a value or an explicit default value. Use of implicit default value may introduce unintended design optimizations.
Warning (10541): VHDL Signal Declaration warning at MSX_FPGA_Top.vhd(124): used implicit default value for signal "SRAM_OE_N" because signal was never assigned a value or an explicit default value. Use of implicit default value may introduce unintended design optimizations.
Warning (10541): VHDL Signal Declaration warning at MSX_FPGA_Top.vhd(128): used implicit default value for signal "GPIO0_P21" because signal was never assigned a value or an explicit default value. Use of implicit default value may introduce unintended design optimizations.
Warning (10540): VHDL Signal Declaration warning at MSX_FPGA_Top.vhd(163): used explicit default value for signal "s_wait_n" because signal was never assigned a value
Warning (10540): VHDL Signal Declaration warning at MSX_FPGA_Top.vhd(164): used explicit default value for signal "s_int_n" because signal was never assigned a value
Warning (10873): Using initial value X (don't care) for net "LEDG[9..8]" at MSX_FPGA_Top.vhd(63)
Info (10041): Inferred latch for "HEXDIGIT3[0]" at MSX_FPGA_Top.vhd(255)
Info (10041): Inferred latch for "HEXDIGIT3[1]" at MSX_FPGA_Top.vhd(255)
Info (10041): Inferred latch for "HEXDIGIT3[2]" at MSX_FPGA_Top.vhd(255)
Info (10041): Inferred latch for "HEXDIGIT3[3]" at MSX_FPGA_Top.vhd(255)
Info (10041): Inferred latch for "HEXDIGIT2[0]" at MSX_FPGA_Top.vhd(254)
Info (10041): Inferred latch for "HEXDIGIT2[1]" at MSX_FPGA_Top.vhd(254)
Info (10041): Inferred latch for "HEXDIGIT2[2]" at MSX_FPGA_Top.vhd(254)
Info (10041): Inferred latch for "HEXDIGIT2[3]" at MSX_FPGA_Top.vhd(254)
Info (10041): Inferred latch for "HEXDIGIT1[0]" at MSX_FPGA_Top.vhd(253)
Info (10041): Inferred latch for "HEXDIGIT1[1]" at MSX_FPGA_Top.vhd(253)
Info (10041): Inferred latch for "HEXDIGIT1[2]" at MSX_FPGA_Top.vhd(253)
Info (10041): Inferred latch for "HEXDIGIT1[3]" at MSX_FPGA_Top.vhd(253)
Info (10041): Inferred latch for "HEXDIGIT0[0]" at MSX_FPGA_Top.vhd(252)
Info (10041): Inferred latch for "HEXDIGIT0[1]" at MSX_FPGA_Top.vhd(252)
Info (10041): Inferred latch for "HEXDIGIT0[2]" at MSX_FPGA_Top.vhd(252)
Info (10041): Inferred latch for "HEXDIGIT0[3]" at MSX_FPGA_Top.vhd(252)
Info (12128): Elaborating entity "decoder_7seg" for hierarchy "decoder_7seg:DISPHEX0"
Warning (13034): The following nodes have both tri-state and non-tri-state drivers
    Warning (13035): Inserted always-enabled tri-state buffer between "FL_DQ15_AM1" and its non-tri-state driver.
Warning (13039): The following bidir pins have no drivers
    Warning (13040): Bidir "FL_DQ[0]" has no driver
    Warning (13040): Bidir "FL_DQ[1]" has no driver
    Warning (13040): Bidir "FL_DQ[2]" has no driver
    Warning (13040): Bidir "FL_DQ[3]" has no driver
    Warning (13040): Bidir "FL_DQ[4]" has no driver
    Warning (13040): Bidir "FL_DQ[5]" has no driver
    Warning (13040): Bidir "FL_DQ[6]" has no driver
    Warning (13040): Bidir "FL_DQ[7]" has no driver
    Warning (13040): Bidir "FL_DQ[8]" has no driver
    Warning (13040): Bidir "FL_DQ[9]" has no driver
    Warning (13040): Bidir "FL_DQ[10]" has no driver
    Warning (13040): Bidir "FL_DQ[11]" has no driver
    Warning (13040): Bidir "FL_DQ[12]" has no driver
    Warning (13040): Bidir "FL_DQ[13]" has no driver
    Warning (13040): Bidir "FL_DQ[14]" has no driver
    Warning (13040): Bidir "LCD_DATA[0]" has no driver
    Warning (13040): Bidir "LCD_DATA[1]" has no driver
    Warning (13040): Bidir "LCD_DATA[2]" has no driver
    Warning (13040): Bidir "LCD_DATA[3]" has no driver
    Warning (13040): Bidir "LCD_DATA[4]" has no driver
    Warning (13040): Bidir "LCD_DATA[5]" has no driver
    Warning (13040): Bidir "LCD_DATA[6]" has no driver
    Warning (13040): Bidir "LCD_DATA[7]" has no driver
    Warning (13040): Bidir "SD_DAT3" has no driver
    Warning (13040): Bidir "SD_CMD" has no driver
    Warning (13040): Bidir "PS2_KBDAT" has no driver
    Warning (13040): Bidir "PS2_KBCLK" has no driver
    Warning (13040): Bidir "PS2_MSDAT" has no driver
    Warning (13040): Bidir "PS2_MSCLK" has no driver
    Warning (13040): Bidir "GPIO0_P22" has no driver
    Warning (13040): Bidir "GPIO0_P24" has no driver
Warning (13012): Latch HEXDIGIT3[1] has unsafe behavior
    Warning (13013): Ports D and ENA on the latch are fed by the same signal A[14]
Warning (13012): Latch HEXDIGIT3[2] has unsafe behavior
    Warning (13013): Ports D and ENA on the latch are fed by the same signal A[14]
Warning (13012): Latch HEXDIGIT3[3] has unsafe behavior
    Warning (13013): Ports D and ENA on the latch are fed by the same signal A[14]
Info (13000): Registers with preset signals will power-up high
Info (13003): DEV_CLRn pin will set, and not reset, register with preset signal due to NOT Gate Push-Back
Warning (13009): TRI or OPNDRN buffers permanently enabled
    Warning (13010): Node "FL_DQ15_AM1~synth"
Warning (13024): Output pins are stuck at VCC or GND
    Warning (13410): Pin "HEX0_DP" is stuck at GND
    Warning (13410): Pin "HEX1_DP" is stuck at GND
    Warning (13410): Pin "HEX2_DP" is stuck at GND
    Warning (13410): Pin "HEX3_DP" is stuck at GND
    Warning (13410): Pin "LEDG[0]" is stuck at GND
    Warning (13410): Pin "LEDG[1]" is stuck at GND
    Warning (13410): Pin "LEDG[2]" is stuck at GND
    Warning (13410): Pin "LEDG[3]" is stuck at GND
    Warning (13410): Pin "LEDG[4]" is stuck at GND
    Warning (13410): Pin "LEDG[5]" is stuck at GND
    Warning (13410): Pin "LEDG[8]" is stuck at GND
    Warning (13410): Pin "LEDG[9]" is stuck at GND
    Warning (13410): Pin "UART_TXD" is stuck at GND
    Warning (13410): Pin "UART_CTS" is stuck at GND
    Warning (13410): Pin "DRAM_ADDR[0]" is stuck at GND
    Warning (13410): Pin "DRAM_ADDR[1]" is stuck at GND
    Warning (13410): Pin "DRAM_ADDR[2]" is stuck at GND
    Warning (13410): Pin "DRAM_ADDR[3]" is stuck at GND
    Warning (13410): Pin "DRAM_ADDR[4]" is stuck at GND
    Warning (13410): Pin "DRAM_ADDR[5]" is stuck at GND
    Warning (13410): Pin "DRAM_ADDR[6]" is stuck at GND
    Warning (13410): Pin "DRAM_ADDR[7]" is stuck at GND
    Warning (13410): Pin "DRAM_ADDR[8]" is stuck at GND
    Warning (13410): Pin "DRAM_ADDR[9]" is stuck at GND
    Warning (13410): Pin "DRAM_ADDR[10]" is stuck at GND
    Warning (13410): Pin "DRAM_ADDR[11]" is stuck at GND
    Warning (13410): Pin "DRAM_ADDR[12]" is stuck at GND
    Warning (13410): Pin "DRAM_LDQM" is stuck at GND
    Warning (13410): Pin "DRAM_UDQM" is stuck at GND
    Warning (13410): Pin "DRAM_WE_N" is stuck at GND
    Warning (13410): Pin "DRAM_CAS_N" is stuck at GND
    Warning (13410): Pin "DRAM_RAS_N" is stuck at GND
    Warning (13410): Pin "DRAM_CS_N" is stuck at GND
    Warning (13410): Pin "DRAM_BA_0" is stuck at GND
    Warning (13410): Pin "DRAM_BA_1" is stuck at GND
    Warning (13410): Pin "DRAM_CLK" is stuck at GND
    Warning (13410): Pin "DRAM_CKE" is stuck at GND
    Warning (13410): Pin "FL_ADDR[21]" is stuck at GND
    Warning (13410): Pin "FL_WE_N" is stuck at VCC
    Warning (13410): Pin "FL_WP_N" is stuck at GND
    Warning (13410): Pin "FL_BYTE_N" is stuck at GND
    Warning (13410): Pin "LCD_BLON" is stuck at GND
    Warning (13410): Pin "LCD_RW" is stuck at GND
    Warning (13410): Pin "LCD_EN" is stuck at GND
    Warning (13410): Pin "LCD_RS" is stuck at GND
    Warning (13410): Pin "SD_CLK" is stuck at GND
    Warning (13410): Pin "VGA_HS" is stuck at GND
    Warning (13410): Pin "VGA_VS" is stuck at GND
    Warning (13410): Pin "VGA_R[0]" is stuck at GND
    Warning (13410): Pin "VGA_R[1]" is stuck at GND
    Warning (13410): Pin "VGA_R[2]" is stuck at GND
    Warning (13410): Pin "VGA_R[3]" is stuck at GND
    Warning (13410): Pin "VGA_G[0]" is stuck at GND
    Warning (13410): Pin "VGA_G[1]" is stuck at GND
    Warning (13410): Pin "VGA_G[2]" is stuck at GND
    Warning (13410): Pin "VGA_G[3]" is stuck at GND
    Warning (13410): Pin "VGA_B[0]" is stuck at GND
    Warning (13410): Pin "VGA_B[1]" is stuck at GND
    Warning (13410): Pin "VGA_B[2]" is stuck at GND
    Warning (13410): Pin "VGA_B[3]" is stuck at GND
    Warning (13410): Pin "SRAM_ADDR[0]" is stuck at GND
    Warning (13410): Pin "SRAM_ADDR[1]" is stuck at GND
    Warning (13410): Pin "SRAM_ADDR[2]" is stuck at GND
    Warning (13410): Pin "SRAM_ADDR[3]" is stuck at GND
    Warning (13410): Pin "SRAM_ADDR[4]" is stuck at GND
    Warning (13410): Pin "SRAM_ADDR[5]" is stuck at GND
    Warning (13410): Pin "SRAM_ADDR[6]" is stuck at GND
    Warning (13410): Pin "SRAM_ADDR[7]" is stuck at GND
    Warning (13410): Pin "SRAM_ADDR[8]" is stuck at GND
    Warning (13410): Pin "SRAM_ADDR[9]" is stuck at GND
    Warning (13410): Pin "SRAM_ADDR[10]" is stuck at GND
    Warning (13410): Pin "SRAM_ADDR[11]" is stuck at GND
    Warning (13410): Pin "SRAM_ADDR[12]" is stuck at GND
    Warning (13410): Pin "SRAM_ADDR[13]" is stuck at GND
    Warning (13410): Pin "SRAM_ADDR[14]" is stuck at GND
    Warning (13410): Pin "SRAM_ADDR[15]" is stuck at GND
    Warning (13410): Pin "SRAM_ADDR[16]" is stuck at GND
    Warning (13410): Pin "SRAM_ADDR[17]" is stuck at GND
    Warning (13410): Pin "SRAM_UB_N" is stuck at GND
    Warning (13410): Pin "SRAM_LB_N" is stuck at GND
    Warning (13410): Pin "SRAM_WE_N" is stuck at GND
    Warning (13410): Pin "SRAM_CE_N" is stuck at GND
    Warning (13410): Pin "SRAM_OE_N" is stuck at GND
    Warning (13410): Pin "GPIO0_P21" is stuck at GND
    Warning (13410): Pin "INT_n" is stuck at VCC
    Warning (13410): Pin "WAIT_n" is stuck at VCC
Info (286030): Timing-Driven Synthesis is running
Info (16010): Generating hard_block partition "hard_block:auto_generated_inst"
    Info (16011): Adding 0 node(s), including 0 DDIO, 0 PLL, 0 transceiver and 0 LCELL
Warning (21074): Design contains 18 input pin(s) that do not drive logic
    Warning (15610): No output dependent on input pin "CLOCK_50"
    Warning (15610): No output dependent on input pin "CLOCK_50_2"
    Warning (15610): No output dependent on input pin "KEY[1]"
    Warning (15610): No output dependent on input pin "KEY[2]"
    Warning (15610): No output dependent on input pin "SW[4]"
    Warning (15610): No output dependent on input pin "SW[5]"
    Warning (15610): No output dependent on input pin "SW[6]"
    Warning (15610): No output dependent on input pin "SW[7]"
    Warning (15610): No output dependent on input pin "SW[8]"
    Warning (15610): No output dependent on input pin "UART_RXD"
    Warning (15610): No output dependent on input pin "UART_RTS"
    Warning (15610): No output dependent on input pin "FL_RY"
    Warning (15610): No output dependent on input pin "SD_WP_N"
    Warning (15610): No output dependent on input pin "GPIO0_P1"
    Warning (15610): No output dependent on input pin "GPIO0_P3"
    Warning (15610): No output dependent on input pin "IORQ_n"
    Warning (15610): No output dependent on input pin "CS_n"
    Warning (15610): No output dependent on input pin "M1_n"
Info (21057): Implemented 369 device resources after synthesis - the final resource count might be different
    Info (21058): Implemented 45 input pins
    Info (21059): Implemented 142 output pins
    Info (21060): Implemented 65 bidirectional pins
    Info (21061): Implemented 117 logic cells
Info: Quartus II 64-Bit Analysis & Synthesis was successful. 0 errors, 186 warnings
    Info: Peak virtual memory: 4633 megabytes
    Info: Processing ended: Tue Jan 23 18:48:55 2024
    Info: Elapsed time: 00:00:03
    Info: Total CPU time (on all processors): 00:00:00


